{"C:\\Users\\drake\\GitHub\\@saeris\\suru\\src\\BaseCommand.ts": {"path":"C:\\Users\\drake\\GitHub\\@saeris\\suru\\src\\BaseCommand.ts","statementMap":{"0":{"start":{"line":22,"column":12},"end":{"line":32,"column":6}},"1":{"start":{"line":28,"column":4},"end":{"line":32,"column":6}},"2":{"start":{"line":40,"column":11},"end":{"line":45,"column":3}},"3":{"start":{"line":41,"column":4},"end":{"line":43,"column":5}},"4":{"start":{"line":42,"column":6},"end":{"line":42,"column":98}},"5":{"start":{"line":44,"column":4},"end":{"line":44,"column":39}},"6":{"start":{"line":62,"column":20},"end":{"line":86,"column":3}},"7":{"start":{"line":68,"column":4},"end":{"line":85,"column":5}},"8":{"start":{"line":69,"column":21},"end":{"line":69,"column":81}},"9":{"start":{"line":70,"column":6},"end":{"line":74,"column":7}},"10":{"start":{"line":71,"column":37},"end":{"line":71,"column":43}},"11":{"start":{"line":72,"column":8},"end":{"line":72,"column":57}},"12":{"start":{"line":73,"column":8},"end":{"line":73,"column":36}},"13":{"start":{"line":75,"column":6},"end":{"line":75,"column":99}},"14":{"start":{"line":76,"column":21},"end":{"line":76,"column":57}},"15":{"start":{"line":77,"column":23},"end":{"line":77,"column":47}},"16":{"start":{"line":78,"column":6},"end":{"line":78,"column":34}},"17":{"start":{"line":80,"column":6},"end":{"line":84,"column":8}},"18":{"start":{"line":98,"column":14},"end":{"line":121,"column":3}},"19":{"start":{"line":104,"column":4},"end":{"line":109,"column":5}},"20":{"start":{"line":105,"column":6},"end":{"line":105,"column":55}},"21":{"start":{"line":106,"column":21},"end":{"line":106,"column":57}},"22":{"start":{"line":107,"column":23},"end":{"line":107,"column":45}},"23":{"start":{"line":108,"column":6},"end":{"line":108,"column":34}},"24":{"start":{"line":111,"column":4},"end":{"line":117,"column":5}},"25":{"start":{"line":112,"column":25},"end":{"line":112,"column":47}},"26":{"start":{"line":113,"column":6},"end":{"line":113,"column":62}},"27":{"start":{"line":114,"column":21},"end":{"line":114,"column":59}},"28":{"start":{"line":115,"column":23},"end":{"line":115,"column":45}},"29":{"start":{"line":116,"column":6},"end":{"line":116,"column":34}},"30":{"start":{"line":119,"column":4},"end":{"line":119,"column":51}},"31":{"start":{"line":120,"column":4},"end":{"line":120,"column":38}},"32":{"start":{"line":123,"column":24},"end":{"line":129,"column":3}},"33":{"start":{"line":124,"column":4},"end":{"line":124,"column":60}},"34":{"start":{"line":124,"column":31},"end":{"line":124,"column":60}},"35":{"start":{"line":125,"column":20},"end":{"line":125,"column":48}},"36":{"start":{"line":126,"column":23},"end":{"line":126,"column":56}},"37":{"start":{"line":127,"column":4},"end":{"line":127,"column":39}},"38":{"start":{"line":128,"column":4},"end":{"line":128,"column":22}}},"fnMap":{"0":{"name":"(anonymous_0)","decl":{"start":{"line":22,"column":12},"end":{"line":22,"column":13}},"loc":{"start":{"line":28,"column":4},"end":{"line":32,"column":6}},"line":28},"1":{"name":"(anonymous_1)","decl":{"start":{"line":40,"column":11},"end":{"line":40,"column":12}},"loc":{"start":{"line":40,"column":56},"end":{"line":45,"column":3}},"line":40},"2":{"name":"(anonymous_2)","decl":{"start":{"line":62,"column":20},"end":{"line":62,"column":21}},"loc":{"start":{"line":67,"column":56},"end":{"line":86,"column":3}},"line":67},"3":{"name":"(anonymous_3)","decl":{"start":{"line":98,"column":14},"end":{"line":98,"column":15}},"loc":{"start":{"line":103,"column":56},"end":{"line":121,"column":3}},"line":103},"4":{"name":"(anonymous_4)","decl":{"start":{"line":123,"column":24},"end":{"line":123,"column":25}},"loc":{"start":{"line":123,"column":83},"end":{"line":129,"column":3}},"line":123}},"branchMap":{"0":{"loc":{"start":{"line":24,"column":4},"end":{"line":26,"column":5}},"type":"default-arg","locations":[{"start":{"line":24,"column":64},"end":{"line":26,"column":5}}],"line":24},"1":{"loc":{"start":{"line":40,"column":18},"end":{"line":40,"column":34}},"type":"default-arg","locations":[{"start":{"line":40,"column":29},"end":{"line":40,"column":34}}],"line":40},"2":{"loc":{"start":{"line":41,"column":4},"end":{"line":43,"column":5}},"type":"if","locations":[{"start":{"line":41,"column":4},"end":{"line":43,"column":5}},{"start":{},"end":{}}],"line":41},"3":{"loc":{"start":{"line":70,"column":6},"end":{"line":74,"column":7}},"type":"if","locations":[{"start":{"line":70,"column":6},"end":{"line":74,"column":7}},{"start":{},"end":{}}],"line":70},"4":{"loc":{"start":{"line":104,"column":4},"end":{"line":109,"column":5}},"type":"if","locations":[{"start":{"line":104,"column":4},"end":{"line":109,"column":5}},{"start":{},"end":{}}],"line":104},"5":{"loc":{"start":{"line":111,"column":4},"end":{"line":117,"column":5}},"type":"if","locations":[{"start":{"line":111,"column":4},"end":{"line":117,"column":5}},{"start":{},"end":{}}],"line":111},"6":{"loc":{"start":{"line":124,"column":4},"end":{"line":124,"column":60}},"type":"if","locations":[{"start":{"line":124,"column":4},"end":{"line":124,"column":60}},{"start":{},"end":{}}],"line":124}},"s":{"0":0,"1":0,"2":0,"3":0,"4":0,"5":0,"6":0,"7":0,"8":0,"9":0,"10":0,"11":0,"12":0,"13":0,"14":0,"15":0,"16":0,"17":0,"18":0,"19":0,"20":0,"21":0,"22":0,"23":0,"24":0,"25":0,"26":0,"27":0,"28":0,"29":0,"30":0,"31":0,"32":0,"33":0,"34":0,"35":0,"36":0,"37":0,"38":0},"f":{"0":0,"1":0,"2":0,"3":0,"4":0},"b":{"0":[0],"1":[0],"2":[0,0],"3":[0,0],"4":[0,0],"5":[0,0],"6":[0,0]}}
,"C:\\Users\\drake\\GitHub\\@saeris\\suru\\src\\babelConfigItems.ts": {"path":"C:\\Users\\drake\\GitHub\\@saeris\\suru\\src\\babelConfigItems.ts","statementMap":{"0":{"start":{"line":13,"column":35},"end":{"line":21,"column":1}},"1":{"start":{"line":18,"column":31},"end":{"line":18,"column":44}},"2":{"start":{"line":19,"column":41},"end":{"line":19,"column":72}},"3":{"start":{"line":20,"column":2},"end":{"line":20,"column":58}},"4":{"start":{"line":23,"column":25},"end":{"line":26,"column":4}},"5":{"start":{"line":24,"column":2},"end":{"line":26,"column":4}},"6":{"start":{"line":27,"column":27},"end":{"line":30,"column":4}},"7":{"start":{"line":28,"column":2},"end":{"line":30,"column":4}},"8":{"start":{"line":32,"column":32},"end":{"line":35,"column":4}},"9":{"start":{"line":33,"column":2},"end":{"line":35,"column":4}},"10":{"start":{"line":37,"column":37},"end":{"line":46,"column":3}},"11":{"start":{"line":40,"column":2},"end":{"line":46,"column":3}},"12":{"start":{"line":48,"column":38},"end":{"line":57,"column":3}},"13":{"start":{"line":51,"column":2},"end":{"line":57,"column":3}},"14":{"start":{"line":59,"column":37},"end":{"line":68,"column":3}},"15":{"start":{"line":62,"column":2},"end":{"line":68,"column":3}}},"fnMap":{"0":{"name":"(anonymous_0)","decl":{"start":{"line":13,"column":35},"end":{"line":13,"column":36}},"loc":{"start":{"line":17,"column":26},"end":{"line":21,"column":1}},"line":17},"1":{"name":"(anonymous_1)","decl":{"start":{"line":23,"column":25},"end":{"line":23,"column":26}},"loc":{"start":{"line":24,"column":2},"end":{"line":26,"column":4}},"line":24},"2":{"name":"(anonymous_2)","decl":{"start":{"line":27,"column":27},"end":{"line":27,"column":28}},"loc":{"start":{"line":28,"column":2},"end":{"line":30,"column":4}},"line":28},"3":{"name":"(anonymous_3)","decl":{"start":{"line":32,"column":32},"end":{"line":32,"column":33}},"loc":{"start":{"line":33,"column":2},"end":{"line":35,"column":4}},"line":33},"4":{"name":"(anonymous_4)","decl":{"start":{"line":37,"column":37},"end":{"line":37,"column":38}},"loc":{"start":{"line":40,"column":2},"end":{"line":46,"column":3}},"line":40},"5":{"name":"(anonymous_5)","decl":{"start":{"line":48,"column":38},"end":{"line":48,"column":39}},"loc":{"start":{"line":51,"column":2},"end":{"line":57,"column":3}},"line":51},"6":{"name":"(anonymous_6)","decl":{"start":{"line":59,"column":37},"end":{"line":59,"column":38}},"loc":{"start":{"line":62,"column":2},"end":{"line":68,"column":3}},"line":62}},"branchMap":{"0":{"loc":{"start":{"line":15,"column":2},"end":{"line":15,"column":34}},"type":"default-arg","locations":[{"start":{"line":15,"column":21},"end":{"line":15,"column":34}}],"line":15},"1":{"loc":{"start":{"line":16,"column":2},"end":{"line":16,"column":78}},"type":"default-arg","locations":[{"start":{"line":16,"column":76},"end":{"line":16,"column":78}}],"line":16},"2":{"loc":{"start":{"line":16,"column":4},"end":{"line":16,"column":16}},"type":"default-arg","locations":[{"start":{"line":16,"column":12},"end":{"line":16,"column":16}}],"line":16}},"s":{"0":0,"1":0,"2":0,"3":0,"4":0,"5":0,"6":0,"7":0,"8":0,"9":0,"10":0,"11":0,"12":0,"13":0,"14":0,"15":0},"f":{"0":0,"1":0,"2":0,"3":0,"4":0,"5":0,"6":0},"b":{"0":[0],"1":[0],"2":[0]}}
,"C:\\Users\\drake\\GitHub\\@saeris\\suru\\src\\dependencies.ts": {"path":"C:\\Users\\drake\\GitHub\\@saeris\\suru\\src\\dependencies.ts","statementMap":{"0":{"start":{"line":26,"column":54},"end":{"line":27,"column":47}},"1":{"start":{"line":27,"column":2},"end":{"line":27,"column":47}},"2":{"start":{"line":28,"column":56},"end":{"line":29,"column":49}},"3":{"start":{"line":29,"column":2},"end":{"line":29,"column":49}},"4":{"start":{"line":31,"column":55},"end":{"line":32,"column":45}},"5":{"start":{"line":32,"column":2},"end":{"line":32,"column":45}},"6":{"start":{"line":33,"column":56},"end":{"line":34,"column":49}},"7":{"start":{"line":34,"column":2},"end":{"line":34,"column":49}},"8":{"start":{"line":35,"column":72},"end":{"line":36,"column":55}},"9":{"start":{"line":36,"column":2},"end":{"line":36,"column":55}},"10":{"start":{"line":37,"column":80},"end":{"line":39,"column":59}},"11":{"start":{"line":39,"column":5},"end":{"line":39,"column":59}},"12":{"start":{"line":42,"column":4},"end":{"line":42,"column":94}},"13":{"start":{"line":42,"column":28},"end":{"line":42,"column":94}},"14":{"start":{"line":43,"column":64},"end":{"line":44,"column":57}},"15":{"start":{"line":44,"column":2},"end":{"line":44,"column":57}}},"fnMap":{"0":{"name":"(anonymous_0)","decl":{"start":{"line":26,"column":54},"end":{"line":26,"column":55}},"loc":{"start":{"line":27,"column":2},"end":{"line":27,"column":47}},"line":27},"1":{"name":"(anonymous_1)","decl":{"start":{"line":28,"column":56},"end":{"line":28,"column":57}},"loc":{"start":{"line":29,"column":2},"end":{"line":29,"column":49}},"line":29},"2":{"name":"(anonymous_2)","decl":{"start":{"line":31,"column":55},"end":{"line":31,"column":56}},"loc":{"start":{"line":32,"column":2},"end":{"line":32,"column":45}},"line":32},"3":{"name":"(anonymous_3)","decl":{"start":{"line":33,"column":56},"end":{"line":33,"column":57}},"loc":{"start":{"line":34,"column":2},"end":{"line":34,"column":49}},"line":34},"4":{"name":"(anonymous_4)","decl":{"start":{"line":35,"column":72},"end":{"line":35,"column":73}},"loc":{"start":{"line":36,"column":2},"end":{"line":36,"column":55}},"line":36},"5":{"name":"(anonymous_5)","decl":{"start":{"line":37,"column":80},"end":{"line":37,"column":81}},"loc":{"start":{"line":39,"column":5},"end":{"line":39,"column":59}},"line":39},"6":{"name":"(anonymous_6)","decl":{"start":{"line":42,"column":4},"end":{"line":42,"column":5}},"loc":{"start":{"line":42,"column":28},"end":{"line":42,"column":94}},"line":42},"7":{"name":"(anonymous_7)","decl":{"start":{"line":43,"column":64},"end":{"line":43,"column":65}},"loc":{"start":{"line":44,"column":2},"end":{"line":44,"column":57}},"line":44}},"branchMap":{"0":{"loc":{"start":{"line":26,"column":61},"end":{"line":26,"column":73}},"type":"default-arg","locations":[{"start":{"line":26,"column":69},"end":{"line":26,"column":73}}],"line":26},"1":{"loc":{"start":{"line":28,"column":63},"end":{"line":28,"column":75}},"type":"default-arg","locations":[{"start":{"line":28,"column":71},"end":{"line":28,"column":75}}],"line":28},"2":{"loc":{"start":{"line":31,"column":62},"end":{"line":31,"column":74}},"type":"default-arg","locations":[{"start":{"line":31,"column":70},"end":{"line":31,"column":74}}],"line":31},"3":{"loc":{"start":{"line":33,"column":63},"end":{"line":33,"column":75}},"type":"default-arg","locations":[{"start":{"line":33,"column":71},"end":{"line":33,"column":75}}],"line":33},"4":{"loc":{"start":{"line":35,"column":79},"end":{"line":35,"column":91}},"type":"default-arg","locations":[{"start":{"line":35,"column":87},"end":{"line":35,"column":91}}],"line":35},"5":{"loc":{"start":{"line":38,"column":2},"end":{"line":38,"column":14}},"type":"default-arg","locations":[{"start":{"line":38,"column":10},"end":{"line":38,"column":14}}],"line":38},"6":{"loc":{"start":{"line":42,"column":11},"end":{"line":42,"column":23}},"type":"default-arg","locations":[{"start":{"line":42,"column":19},"end":{"line":42,"column":23}}],"line":42},"7":{"loc":{"start":{"line":43,"column":71},"end":{"line":43,"column":83}},"type":"default-arg","locations":[{"start":{"line":43,"column":79},"end":{"line":43,"column":83}}],"line":43}},"s":{"0":0,"1":0,"2":0,"3":0,"4":0,"5":0,"6":0,"7":0,"8":0,"9":0,"10":0,"11":0,"12":0,"13":0,"14":0,"15":0},"f":{"0":0,"1":0,"2":0,"3":0,"4":0,"5":0,"6":0,"7":0},"b":{"0":[0],"1":[0],"2":[0],"3":[0],"4":[0],"5":[0],"6":[0],"7":[0]}}
,"C:\\Users\\drake\\GitHub\\@saeris\\suru\\src\\index.ts": {"path":"C:\\Users\\drake\\GitHub\\@saeris\\suru\\src\\index.ts","statementMap":{},"fnMap":{},"branchMap":{},"s":{},"f":{},"b":{}}
,"C:\\Users\\drake\\GitHub\\@saeris\\suru\\src\\logging.ts": {"path":"C:\\Users\\drake\\GitHub\\@saeris\\suru\\src\\logging.ts","statementMap":{"0":{"start":{"line":14,"column":17},"end":{"line":52,"column":1}},"1":{"start":{"line":24,"column":10},"end":{"line":24,"column":15}},"2":{"start":{"line":25,"column":24},"end":{"line":25,"column":61}},"3":{"start":{"line":26,"column":23},"end":{"line":26,"column":63}},"4":{"start":{"line":27,"column":25},"end":{"line":32,"column":11}},"5":{"start":{"line":37,"column":12},"end":{"line":37,"column":89}},"6":{"start":{"line":38,"column":34},"end":{"line":39,"column":57}},"7":{"start":{"line":39,"column":12},"end":{"line":39,"column":57}},"8":{"start":{"line":41,"column":23},"end":{"line":43,"column":11}},"9":{"start":{"line":42,"column":12},"end":{"line":42,"column":75}},"10":{"start":{"line":44,"column":22},"end":{"line":44,"column":42}},"11":{"start":{"line":45,"column":10},"end":{"line":47,"column":18}},"12":{"start":{"line":54,"column":46},"end":{"line":64,"column":1}},"13":{"start":{"line":58,"column":17},"end":{"line":61,"column":4}},"14":{"start":{"line":63,"column":2},"end":{"line":63,"column":16}},"15":{"start":{"line":66,"column":22},"end":{"line":66,"column":85}},"16":{"start":{"line":68,"column":19},"end":{"line":72,"column":1}},"17":{"start":{"line":69,"column":2},"end":{"line":71,"column":3}},"18":{"start":{"line":70,"column":4},"end":{"line":70,"column":34}},"19":{"start":{"line":74,"column":20},"end":{"line":74,"column":44}},"20":{"start":{"line":75,"column":21},"end":{"line":75,"column":46}},"21":{"start":{"line":94,"column":34},"end":{"line":95,"column":30}},"22":{"start":{"line":95,"column":2},"end":{"line":95,"column":30}}},"fnMap":{"0":{"name":"(anonymous_0)","decl":{"start":{"line":23,"column":22},"end":{"line":23,"column":23}},"loc":{"start":{"line":23,"column":77},"end":{"line":48,"column":9}},"line":23},"1":{"name":"(anonymous_1)","decl":{"start":{"line":38,"column":34},"end":{"line":38,"column":35}},"loc":{"start":{"line":39,"column":12},"end":{"line":39,"column":57}},"line":39},"2":{"name":"(anonymous_2)","decl":{"start":{"line":41,"column":75},"end":{"line":41,"column":76}},"loc":{"start":{"line":42,"column":12},"end":{"line":42,"column":75}},"line":42},"3":{"name":"(anonymous_3)","decl":{"start":{"line":54,"column":46},"end":{"line":54,"column":47}},"loc":{"start":{"line":57,"column":11},"end":{"line":64,"column":1}},"line":57},"4":{"name":"(anonymous_4)","decl":{"start":{"line":68,"column":19},"end":{"line":68,"column":20}},"loc":{"start":{"line":68,"column":69},"end":{"line":72,"column":1}},"line":68},"5":{"name":"(anonymous_5)","decl":{"start":{"line":94,"column":34},"end":{"line":94,"column":35}},"loc":{"start":{"line":95,"column":2},"end":{"line":95,"column":30}},"line":95}},"branchMap":{"0":{"loc":{"start":{"line":41,"column":37},"end":{"line":41,"column":68}},"type":"binary-expr","locations":[{"start":{"line":41,"column":37},"end":{"line":41,"column":62}},{"start":{"line":41,"column":66},"end":{"line":41,"column":68}}],"line":41},"1":{"loc":{"start":{"line":42,"column":12},"end":{"line":42,"column":75}},"type":"cond-expr","locations":[{"start":{"line":42,"column":38},"end":{"line":42,"column":41}},{"start":{"line":42,"column":44},"end":{"line":42,"column":75}}],"line":42},"2":{"loc":{"start":{"line":45,"column":17},"end":{"line":47,"column":17}},"type":"cond-expr","locations":[{"start":{"line":46,"column":14},"end":{"line":46,"column":74}},{"start":{"line":47,"column":14},"end":{"line":47,"column":17}}],"line":45},"3":{"loc":{"start":{"line":54,"column":47},"end":{"line":57,"column":6}},"type":"default-arg","locations":[{"start":{"line":57,"column":4},"end":{"line":57,"column":6}}],"line":54},"4":{"loc":{"start":{"line":55,"column":2},"end":{"line":55,"column":24}},"type":"default-arg","locations":[{"start":{"line":55,"column":10},"end":{"line":55,"column":24}}],"line":55},"5":{"loc":{"start":{"line":56,"column":2},"end":{"line":56,"column":34}},"type":"default-arg","locations":[{"start":{"line":56,"column":15},"end":{"line":56,"column":34}}],"line":56},"6":{"loc":{"start":{"line":66,"column":46},"end":{"line":66,"column":82}},"type":"cond-expr","locations":[{"start":{"line":66,"column":66},"end":{"line":66,"column":73}},{"start":{"line":66,"column":76},"end":{"line":66,"column":82}}],"line":66},"7":{"loc":{"start":{"line":69,"column":2},"end":{"line":71,"column":3}},"type":"if","locations":[{"start":{"line":69,"column":2},"end":{"line":71,"column":3}},{"start":{},"end":{}}],"line":69},"8":{"loc":{"start":{"line":94,"column":58},"end":{"line":94,"column":70}},"type":"default-arg","locations":[{"start":{"line":94,"column":68},"end":{"line":94,"column":70}}],"line":94}},"s":{"0":0,"1":0,"2":0,"3":0,"4":0,"5":0,"6":0,"7":0,"8":0,"9":0,"10":0,"11":0,"12":0,"13":0,"14":0,"15":0,"16":0,"17":0,"18":0,"19":0,"20":0,"21":0,"22":0},"f":{"0":0,"1":0,"2":0,"3":0,"4":0,"5":0},"b":{"0":[0,0],"1":[0,0],"2":[0,0],"3":[0],"4":[0],"5":[0],"6":[0,0],"7":[0,0],"8":[0]}}
,"C:\\Users\\drake\\GitHub\\@saeris\\suru\\src\\commands\\check.ts": {"path":"C:\\Users\\drake\\GitHub\\@saeris\\suru\\src\\commands\\check.ts","statementMap":{"0":{"start":{"line":8,"column":8},"end":{"line":8,"column":28}},"1":{"start":{"line":10,"column":23},"end":{"line":10,"column":75}},"2":{"start":{"line":12,"column":18},"end":{"line":12,"column":23}},"3":{"start":{"line":14,"column":17},"end":{"line":20,"column":3}},"4":{"start":{"line":22,"column":16},"end":{"line":28,"column":3}},"5":{"start":{"line":31,"column":16},"end":{"line":31,"column":29}},"6":{"start":{"line":32,"column":41},"end":{"line":32,"column":64}},"7":{"start":{"line":33,"column":20},"end":{"line":33,"column":63}},"8":{"start":{"line":34,"column":28},"end":{"line":34,"column":71}},"9":{"start":{"line":35,"column":17},"end":{"line":35,"column":65}},"10":{"start":{"line":36,"column":20},"end":{"line":36,"column":67}},"11":{"start":{"line":37,"column":4},"end":{"line":41,"column":7}},"12":{"start":{"line":42,"column":4},"end":{"line":42,"column":42}}},"fnMap":{"0":{"name":"(anonymous_0)","decl":{"start":{"line":30,"column":2},"end":{"line":30,"column":3}},"loc":{"start":{"line":30,"column":29},"end":{"line":43,"column":3}},"line":30}},"branchMap":{},"s":{"0":0,"1":0,"2":0,"3":0,"4":0,"5":0,"6":0,"7":0,"8":0,"9":0,"10":0,"11":0,"12":0},"f":{"0":0},"b":{}}
,"C:\\Users\\drake\\GitHub\\@saeris\\suru\\src\\commands\\convert.ts": {"path":"C:\\Users\\drake\\GitHub\\@saeris\\suru\\src\\commands\\convert.ts","statementMap":{"0":{"start":{"line":23,"column":23},"end":{"line":23,"column":139}},"1":{"start":{"line":25,"column":17},"end":{"line":43,"column":3}},"2":{"start":{"line":45,"column":16},"end":{"line":52,"column":3}},"3":{"start":{"line":55,"column":41},"end":{"line":55,"column":66}},"4":{"start":{"line":56,"column":46},"end":{"line":56,"column":57}},"5":{"start":{"line":57,"column":21},"end":{"line":57,"column":41}},"6":{"start":{"line":59,"column":4},"end":{"line":59,"column":84}},"7":{"start":{"line":61,"column":4},"end":{"line":82,"column":5}},"8":{"start":{"line":63,"column":6},"end":{"line":77,"column":7}},"9":{"start":{"line":64,"column":8},"end":{"line":64,"column":73}},"10":{"start":{"line":66,"column":28},"end":{"line":71,"column":10}},"11":{"start":{"line":73,"column":8},"end":{"line":76,"column":9}},"12":{"start":{"line":74,"column":10},"end":{"line":74,"column":63}},"13":{"start":{"line":75,"column":10},"end":{"line":75,"column":23}},"14":{"start":{"line":79,"column":6},"end":{"line":81,"column":7}},"15":{"start":{"line":80,"column":8},"end":{"line":80,"column":57}},"16":{"start":{"line":84,"column":26},"end":{"line":84,"column":84}},"17":{"start":{"line":87,"column":20},"end":{"line":87,"column":27}},"18":{"start":{"line":88,"column":25},"end":{"line":88,"column":48}},"19":{"start":{"line":89,"column":22},"end":{"line":89,"column":54}},"20":{"start":{"line":90,"column":20},"end":{"line":90,"column":58}},"21":{"start":{"line":93,"column":30},"end":{"line":96,"column":5}},"22":{"start":{"line":94,"column":55},"end":{"line":94,"column":88}},"23":{"start":{"line":100,"column":23},"end":{"line":103,"column":5}},"24":{"start":{"line":101,"column":48},"end":{"line":101,"column":81}},"25":{"start":{"line":105,"column":25},"end":{"line":107,"column":5}},"26":{"start":{"line":106,"column":20},"end":{"line":106,"column":50}},"27":{"start":{"line":108,"column":20},"end":{"line":110,"column":5}},"28":{"start":{"line":109,"column":6},"end":{"line":109,"column":62}},"29":{"start":{"line":111,"column":21},"end":{"line":111,"column":83}},"30":{"start":{"line":111,"column":55},"end":{"line":111,"column":82}},"31":{"start":{"line":112,"column":21},"end":{"line":112,"column":49}},"32":{"start":{"line":113,"column":20},"end":{"line":113,"column":79}},"33":{"start":{"line":113,"column":50},"end":{"line":113,"column":78}},"34":{"start":{"line":114,"column":17},"end":{"line":117,"column":6}},"35":{"start":{"line":114,"column":61},"end":{"line":117,"column":5}},"36":{"start":{"line":118,"column":18},"end":{"line":121,"column":6}},"37":{"start":{"line":118,"column":63},"end":{"line":121,"column":5}},"38":{"start":{"line":123,"column":28},"end":{"line":123,"column":72}},"39":{"start":{"line":125,"column":4},"end":{"line":128,"column":7}},"40":{"start":{"line":130,"column":4},"end":{"line":143,"column":5}},"41":{"start":{"line":131,"column":6},"end":{"line":142,"column":15}},"42":{"start":{"line":138,"column":42},"end":{"line":138,"column":77}},"43":{"start":{"line":145,"column":4},"end":{"line":159,"column":16}},"44":{"start":{"line":153,"column":20},"end":{"line":153,"column":93}},"45":{"start":{"line":161,"column":4},"end":{"line":175,"column":5}},"46":{"start":{"line":162,"column":28},"end":{"line":162,"column":93}},"47":{"start":{"line":164,"column":6},"end":{"line":170,"column":7}},"48":{"start":{"line":165,"column":8},"end":{"line":169,"column":11}},"49":{"start":{"line":172,"column":6},"end":{"line":174,"column":9}}},"fnMap":{"0":{"name":"(anonymous_0)","decl":{"start":{"line":54,"column":2},"end":{"line":54,"column":3}},"loc":{"start":{"line":54,"column":29},"end":{"line":176,"column":3}},"line":54},"1":{"name":"(anonymous_1)","decl":{"start":{"line":94,"column":41},"end":{"line":94,"column":42}},"loc":{"start":{"line":94,"column":55},"end":{"line":94,"column":88}},"line":94},"2":{"name":"(anonymous_2)","decl":{"start":{"line":101,"column":34},"end":{"line":101,"column":35}},"loc":{"start":{"line":101,"column":48},"end":{"line":101,"column":81}},"line":101},"3":{"name":"(anonymous_3)","decl":{"start":{"line":106,"column":6},"end":{"line":106,"column":7}},"loc":{"start":{"line":106,"column":20},"end":{"line":106,"column":50}},"line":106},"4":{"name":"(anonymous_4)","decl":{"start":{"line":108,"column":40},"end":{"line":108,"column":41}},"loc":{"start":{"line":109,"column":6},"end":{"line":109,"column":62}},"line":109},"5":{"name":"(anonymous_5)","decl":{"start":{"line":111,"column":41},"end":{"line":111,"column":42}},"loc":{"start":{"line":111,"column":55},"end":{"line":111,"column":82}},"line":111},"6":{"name":"(anonymous_6)","decl":{"start":{"line":113,"column":36},"end":{"line":113,"column":37}},"loc":{"start":{"line":113,"column":50},"end":{"line":113,"column":78}},"line":113},"7":{"name":"(anonymous_7)","decl":{"start":{"line":114,"column":47},"end":{"line":114,"column":48}},"loc":{"start":{"line":114,"column":61},"end":{"line":117,"column":5}},"line":114},"8":{"name":"(anonymous_8)","decl":{"start":{"line":118,"column":49},"end":{"line":118,"column":50}},"loc":{"start":{"line":118,"column":63},"end":{"line":121,"column":5}},"line":118},"9":{"name":"(anonymous_9)","decl":{"start":{"line":138,"column":28},"end":{"line":138,"column":29}},"loc":{"start":{"line":138,"column":42},"end":{"line":138,"column":77}},"line":138},"10":{"name":"(anonymous_10)","decl":{"start":{"line":152,"column":18},"end":{"line":152,"column":19}},"loc":{"start":{"line":153,"column":20},"end":{"line":153,"column":93}},"line":153}},"branchMap":{"0":{"loc":{"start":{"line":63,"column":6},"end":{"line":77,"column":7}},"type":"if","locations":[{"start":{"line":63,"column":6},"end":{"line":77,"column":7}},{"start":{"line":65,"column":13},"end":{"line":77,"column":7}}],"line":63},"1":{"loc":{"start":{"line":73,"column":8},"end":{"line":76,"column":9}},"type":"if","locations":[{"start":{"line":73,"column":8},"end":{"line":76,"column":9}},{"start":{},"end":{}}],"line":73},"2":{"loc":{"start":{"line":79,"column":6},"end":{"line":81,"column":7}},"type":"if","locations":[{"start":{"line":79,"column":6},"end":{"line":81,"column":7}},{"start":{},"end":{}}],"line":79},"3":{"loc":{"start":{"line":90,"column":20},"end":{"line":90,"column":58}},"type":"cond-expr","locations":[{"start":{"line":90,"column":36},"end":{"line":90,"column":53}},{"start":{"line":90,"column":56},"end":{"line":90,"column":58}}],"line":90},"4":{"loc":{"start":{"line":130,"column":4},"end":{"line":143,"column":5}},"type":"if","locations":[{"start":{"line":130,"column":4},"end":{"line":143,"column":5}},{"start":{},"end":{}}],"line":130},"5":{"loc":{"start":{"line":135,"column":10},"end":{"line":139,"column":17}},"type":"cond-expr","locations":[{"start":{"line":136,"column":14},"end":{"line":136,"column":16}},{"start":{"line":137,"column":14},"end":{"line":139,"column":17}}],"line":135},"6":{"loc":{"start":{"line":147,"column":8},"end":{"line":156,"column":15}},"type":"cond-expr","locations":[{"start":{"line":148,"column":12},"end":{"line":148,"column":14}},{"start":{"line":149,"column":12},"end":{"line":156,"column":15}}],"line":147},"7":{"loc":{"start":{"line":161,"column":4},"end":{"line":175,"column":5}},"type":"if","locations":[{"start":{"line":161,"column":4},"end":{"line":175,"column":5}},{"start":{},"end":{}}],"line":161}},"s":{"0":0,"1":0,"2":0,"3":0,"4":0,"5":0,"6":0,"7":0,"8":0,"9":0,"10":0,"11":0,"12":0,"13":0,"14":0,"15":0,"16":0,"17":0,"18":0,"19":0,"20":0,"21":0,"22":0,"23":0,"24":0,"25":0,"26":0,"27":0,"28":0,"29":0,"30":0,"31":0,"32":0,"33":0,"34":0,"35":0,"36":0,"37":0,"38":0,"39":0,"40":0,"41":0,"42":0,"43":0,"44":0,"45":0,"46":0,"47":0,"48":0,"49":0},"f":{"0":0,"1":0,"2":0,"3":0,"4":0,"5":0,"6":0,"7":0,"8":0,"9":0,"10":0},"b":{"0":[0,0],"1":[0,0],"2":[0,0],"3":[0,0],"4":[0,0],"5":[0,0],"6":[0,0],"7":[0,0]}}
,"C:\\Users\\drake\\GitHub\\@saeris\\suru\\src\\commands\\find.ts": {"path":"C:\\Users\\drake\\GitHub\\@saeris\\suru\\src\\commands\\find.ts","statementMap":{"0":{"start":{"line":14,"column":23},"end":{"line":14,"column":89}},"1":{"start":{"line":16,"column":17},"end":{"line":21,"column":3}},"2":{"start":{"line":23,"column":13},"end":{"line":44,"column":3}},"3":{"start":{"line":27,"column":21},"end":{"line":30,"column":6}},"4":{"start":{"line":32,"column":4},"end":{"line":37,"column":5}},"5":{"start":{"line":36,"column":6},"end":{"line":36,"column":22}},"6":{"start":{"line":39,"column":23},"end":{"line":41,"column":5}},"7":{"start":{"line":43,"column":4},"end":{"line":43,"column":51}},"8":{"start":{"line":46,"column":14},"end":{"line":138,"column":3}},"9":{"start":{"line":47,"column":35},"end":{"line":47,"column":57}},"10":{"start":{"line":48,"column":20},"end":{"line":48,"column":68}},"11":{"start":{"line":49,"column":83},"end":{"line":49,"column":91}},"12":{"start":{"line":50,"column":28},"end":{"line":50,"column":53}},"13":{"start":{"line":51,"column":31},"end":{"line":54,"column":5}},"14":{"start":{"line":53,"column":8},"end":{"line":53,"column":88}},"15":{"start":{"line":55,"column":21},"end":{"line":59,"column":5}},"16":{"start":{"line":57,"column":8},"end":{"line":58,"column":78}},"17":{"start":{"line":60,"column":33},"end":{"line":69,"column":5}},"18":{"start":{"line":65,"column":27},"end":{"line":65,"column":65}},"19":{"start":{"line":66,"column":10},"end":{"line":66,"column":41}},"20":{"start":{"line":70,"column":27},"end":{"line":74,"column":5}},"21":{"start":{"line":72,"column":8},"end":{"line":72,"column":95}},"22":{"start":{"line":76,"column":4},"end":{"line":79,"column":7}},"23":{"start":{"line":81,"column":55},"end":{"line":100,"column":5}},"24":{"start":{"line":83,"column":8},"end":{"line":96,"column":9}},"25":{"start":{"line":85,"column":12},"end":{"line":85,"column":44}},"26":{"start":{"line":86,"column":12},"end":{"line":86,"column":18}},"27":{"start":{"line":89,"column":12},"end":{"line":89,"column":74}},"28":{"start":{"line":90,"column":12},"end":{"line":90,"column":18}},"29":{"start":{"line":93,"column":12},"end":{"line":93,"column":44}},"30":{"start":{"line":94,"column":12},"end":{"line":94,"column":18}},"31":{"start":{"line":97,"column":8},"end":{"line":97,"column":26}},"32":{"start":{"line":102,"column":4},"end":{"line":106,"column":5}},"33":{"start":{"line":103,"column":6},"end":{"line":105,"column":18}},"34":{"start":{"line":108,"column":4},"end":{"line":114,"column":5}},"35":{"start":{"line":109,"column":6},"end":{"line":113,"column":15}},"36":{"start":{"line":116,"column":4},"end":{"line":124,"column":5}},"37":{"start":{"line":117,"column":6},"end":{"line":123,"column":15}},"38":{"start":{"line":126,"column":4},"end":{"line":137,"column":5}},"39":{"start":{"line":127,"column":31},"end":{"line":132,"column":8}},"40":{"start":{"line":134,"column":6},"end":{"line":136,"column":7}},"41":{"start":{"line":135,"column":8},"end":{"line":135,"column":54}},"42":{"start":{"line":140,"column":17},"end":{"line":146,"column":3}},"43":{"start":{"line":141,"column":4},"end":{"line":145,"column":7}},"44":{"start":{"line":149,"column":25},"end":{"line":149,"column":85}},"45":{"start":{"line":150,"column":23},"end":{"line":150,"column":44}},"46":{"start":{"line":152,"column":4},"end":{"line":167,"column":5}},"47":{"start":{"line":153,"column":41},"end":{"line":158,"column":8}},"48":{"start":{"line":160,"column":6},"end":{"line":164,"column":7}},"49":{"start":{"line":161,"column":8},"end":{"line":163,"column":9}},"50":{"start":{"line":162,"column":10},"end":{"line":162,"column":42}},"51":{"start":{"line":166,"column":6},"end":{"line":166,"column":41}}},"fnMap":{"0":{"name":"(anonymous_0)","decl":{"start":{"line":23,"column":13},"end":{"line":23,"column":14}},"loc":{"start":{"line":26,"column":51},"end":{"line":44,"column":3}},"line":26},"1":{"name":"(anonymous_1)","decl":{"start":{"line":46,"column":14},"end":{"line":46,"column":15}},"loc":{"start":{"line":46,"column":58},"end":{"line":138,"column":3}},"line":46},"2":{"name":"(anonymous_2)","decl":{"start":{"line":52,"column":6},"end":{"line":52,"column":7}},"loc":{"start":{"line":53,"column":8},"end":{"line":53,"column":88}},"line":53},"3":{"name":"(anonymous_3)","decl":{"start":{"line":56,"column":6},"end":{"line":56,"column":7}},"loc":{"start":{"line":57,"column":8},"end":{"line":58,"column":78}},"line":57},"4":{"name":"(anonymous_4)","decl":{"start":{"line":62,"column":8},"end":{"line":62,"column":9}},"loc":{"start":{"line":64,"column":90},"end":{"line":67,"column":9}},"line":64},"5":{"name":"(anonymous_5)","decl":{"start":{"line":71,"column":6},"end":{"line":71,"column":7}},"loc":{"start":{"line":72,"column":8},"end":{"line":72,"column":95}},"line":72},"6":{"name":"(anonymous_6)","decl":{"start":{"line":82,"column":6},"end":{"line":82,"column":7}},"loc":{"start":{"line":82,"column":47},"end":{"line":98,"column":7}},"line":82},"7":{"name":"(anonymous_7)","decl":{"start":{"line":140,"column":17},"end":{"line":140,"column":18}},"loc":{"start":{"line":140,"column":88},"end":{"line":146,"column":3}},"line":140},"8":{"name":"(anonymous_8)","decl":{"start":{"line":148,"column":2},"end":{"line":148,"column":3}},"loc":{"start":{"line":148,"column":29},"end":{"line":168,"column":3}},"line":148}},"branchMap":{"0":{"loc":{"start":{"line":29,"column":15},"end":{"line":29,"column":48}},"type":"cond-expr","locations":[{"start":{"line":29,"column":25},"end":{"line":29,"column":38}},{"start":{"line":29,"column":41},"end":{"line":29,"column":48}}],"line":29},"1":{"loc":{"start":{"line":32,"column":4},"end":{"line":37,"column":5}},"type":"if","locations":[{"start":{"line":32,"column":4},"end":{"line":37,"column":5}},{"start":{},"end":{}}],"line":32},"2":{"loc":{"start":{"line":33,"column":7},"end":{"line":33,"column":41}},"type":"binary-expr","locations":[{"start":{"line":33,"column":7},"end":{"line":33,"column":21}},{"start":{"line":33,"column":25},"end":{"line":33,"column":41}}],"line":33},"3":{"loc":{"start":{"line":43,"column":11},"end":{"line":43,"column":50}},"type":"cond-expr","locations":[{"start":{"line":43,"column":28},"end":{"line":43,"column":42}},{"start":{"line":43,"column":45},"end":{"line":43,"column":50}}],"line":43},"4":{"loc":{"start":{"line":49,"column":12},"end":{"line":49,"column":29}},"type":"default-arg","locations":[{"start":{"line":49,"column":27},"end":{"line":49,"column":29}}],"line":49},"5":{"loc":{"start":{"line":49,"column":31},"end":{"line":49,"column":51}},"type":"default-arg","locations":[{"start":{"line":49,"column":49},"end":{"line":49,"column":51}}],"line":49},"6":{"loc":{"start":{"line":57,"column":8},"end":{"line":58,"column":78}},"type":"binary-expr","locations":[{"start":{"line":57,"column":8},"end":{"line":57,"column":52}},{"start":{"line":58,"column":8},"end":{"line":58,"column":78}}],"line":57},"7":{"loc":{"start":{"line":72,"column":8},"end":{"line":72,"column":95}},"type":"cond-expr","locations":[{"start":{"line":72,"column":38},"end":{"line":72,"column":89}},{"start":{"line":72,"column":92},"end":{"line":72,"column":95}}],"line":72},"8":{"loc":{"start":{"line":83,"column":8},"end":{"line":96,"column":9}},"type":"switch","locations":[{"start":{"line":84,"column":10},"end":{"line":87,"column":11}},{"start":{"line":88,"column":10},"end":{"line":91,"column":11}},{"start":{"line":92,"column":10},"end":{"line":95,"column":11}}],"line":83},"9":{"loc":{"start":{"line":102,"column":4},"end":{"line":106,"column":5}},"type":"if","locations":[{"start":{"line":102,"column":4},"end":{"line":106,"column":5}},{"start":{},"end":{}}],"line":102},"10":{"loc":{"start":{"line":108,"column":4},"end":{"line":114,"column":5}},"type":"if","locations":[{"start":{"line":108,"column":4},"end":{"line":114,"column":5}},{"start":{},"end":{}}],"line":108},"11":{"loc":{"start":{"line":116,"column":4},"end":{"line":124,"column":5}},"type":"if","locations":[{"start":{"line":116,"column":4},"end":{"line":124,"column":5}},{"start":{},"end":{}}],"line":116},"12":{"loc":{"start":{"line":126,"column":4},"end":{"line":137,"column":5}},"type":"if","locations":[{"start":{"line":126,"column":4},"end":{"line":137,"column":5}},{"start":{},"end":{}}],"line":126},"13":{"loc":{"start":{"line":126,"column":8},"end":{"line":126,"column":52}},"type":"binary-expr","locations":[{"start":{"line":126,"column":8},"end":{"line":126,"column":27}},{"start":{"line":126,"column":31},"end":{"line":126,"column":52}}],"line":126},"14":{"loc":{"start":{"line":134,"column":6},"end":{"line":136,"column":7}},"type":"if","locations":[{"start":{"line":134,"column":6},"end":{"line":136,"column":7}},{"start":{},"end":{}}],"line":134},"15":{"loc":{"start":{"line":152,"column":4},"end":{"line":167,"column":5}},"type":"if","locations":[{"start":{"line":152,"column":4},"end":{"line":167,"column":5}},{"start":{"line":165,"column":11},"end":{"line":167,"column":5}}],"line":152},"16":{"loc":{"start":{"line":160,"column":6},"end":{"line":164,"column":7}},"type":"if","locations":[{"start":{"line":160,"column":6},"end":{"line":164,"column":7}},{"start":{},"end":{}}],"line":160}},"s":{"0":0,"1":0,"2":0,"3":0,"4":0,"5":0,"6":0,"7":0,"8":0,"9":0,"10":0,"11":0,"12":0,"13":0,"14":0,"15":0,"16":0,"17":0,"18":0,"19":0,"20":0,"21":0,"22":0,"23":0,"24":0,"25":0,"26":0,"27":0,"28":0,"29":0,"30":0,"31":0,"32":0,"33":0,"34":0,"35":0,"36":0,"37":0,"38":0,"39":0,"40":0,"41":0,"42":0,"43":0,"44":0,"45":0,"46":0,"47":0,"48":0,"49":0,"50":0,"51":0},"f":{"0":0,"1":0,"2":0,"3":0,"4":0,"5":0,"6":0,"7":0,"8":0},"b":{"0":[0,0],"1":[0,0],"2":[0,0],"3":[0,0],"4":[0],"5":[0],"6":[0,0],"7":[0,0],"8":[0,0,0],"9":[0,0],"10":[0,0],"11":[0,0],"12":[0,0],"13":[0,0],"14":[0,0],"15":[0,0],"16":[0,0]}}
,"C:\\Users\\drake\\GitHub\\@saeris\\suru\\src\\commands\\lint.ts": {"path":"C:\\Users\\drake\\GitHub\\@saeris\\suru\\src\\commands\\lint.ts","statementMap":{"0":{"start":{"line":12,"column":8},"end":{"line":12,"column":27}},"1":{"start":{"line":14,"column":23},"end":{"line":14,"column":63}},"2":{"start":{"line":17,"column":4},"end":{"line":17,"column":24}},"3":{"start":{"line":18,"column":4},"end":{"line":18,"column":66}},"4":{"start":{"line":21,"column":17},"end":{"line":40,"column":3}},"5":{"start":{"line":43,"column":18},"end":{"line":43,"column":23}},"6":{"start":{"line":44,"column":16},"end":{"line":51,"column":3}},"7":{"start":{"line":54,"column":16},"end":{"line":54,"column":29}},"8":{"start":{"line":55,"column":41},"end":{"line":55,"column":63}},"9":{"start":{"line":56,"column":59},"end":{"line":56,"column":86}},"10":{"start":{"line":58,"column":4},"end":{"line":61,"column":5}},"11":{"start":{"line":59,"column":6},"end":{"line":59,"column":38}},"12":{"start":{"line":60,"column":6},"end":{"line":60,"column":13}},"13":{"start":{"line":63,"column":23},"end":{"line":68,"column":5}},"14":{"start":{"line":70,"column":4},"end":{"line":80,"column":7}},"15":{"start":{"line":82,"column":4},"end":{"line":112,"column":5}},"16":{"start":{"line":83,"column":6},"end":{"line":83,"column":64}},"17":{"start":{"line":84,"column":6},"end":{"line":88,"column":9}},"18":{"start":{"line":90,"column":6},"end":{"line":111,"column":7}},"19":{"start":{"line":91,"column":23},"end":{"line":98,"column":10}},"20":{"start":{"line":99,"column":26},"end":{"line":99,"column":63}},"21":{"start":{"line":100,"column":24},"end":{"line":100,"column":52}},"22":{"start":{"line":101,"column":8},"end":{"line":101,"column":42}},"23":{"start":{"line":102,"column":27},"end":{"line":104,"column":9}},"24":{"start":{"line":105,"column":8},"end":{"line":105,"column":51}},"25":{"start":{"line":107,"column":8},"end":{"line":110,"column":10}}},"fnMap":{"0":{"name":"(anonymous_0)","decl":{"start":{"line":16,"column":2},"end":{"line":16,"column":3}},"loc":{"start":{"line":16,"column":61},"end":{"line":19,"column":3}},"line":16},"1":{"name":"(anonymous_1)","decl":{"start":{"line":53,"column":2},"end":{"line":53,"column":3}},"loc":{"start":{"line":53,"column":29},"end":{"line":113,"column":3}},"line":53}},"branchMap":{"0":{"loc":{"start":{"line":58,"column":4},"end":{"line":61,"column":5}},"type":"if","locations":[{"start":{"line":58,"column":4},"end":{"line":61,"column":5}},{"start":{},"end":{}}],"line":58},"1":{"loc":{"start":{"line":58,"column":8},"end":{"line":58,"column":38}},"type":"binary-expr","locations":[{"start":{"line":58,"column":8},"end":{"line":58,"column":27}},{"start":{"line":58,"column":31},"end":{"line":58,"column":38}}],"line":58},"2":{"loc":{"start":{"line":82,"column":4},"end":{"line":112,"column":5}},"type":"if","locations":[{"start":{"line":82,"column":4},"end":{"line":112,"column":5}},{"start":{"line":89,"column":11},"end":{"line":112,"column":5}}],"line":82},"3":{"loc":{"start":{"line":82,"column":8},"end":{"line":82,"column":46}},"type":"binary-expr","locations":[{"start":{"line":82,"column":8},"end":{"line":82,"column":15}},{"start":{"line":82,"column":19},"end":{"line":82,"column":46}}],"line":82},"4":{"loc":{"start":{"line":103,"column":10},"end":{"line":103,"column":71}},"type":"cond-expr","locations":[{"start":{"line":103,"column":30},"end":{"line":103,"column":61}},{"start":{"line":103,"column":64},"end":{"line":103,"column":71}}],"line":103}},"s":{"0":0,"1":0,"2":0,"3":0,"4":0,"5":0,"6":0,"7":0,"8":0,"9":0,"10":0,"11":0,"12":0,"13":0,"14":0,"15":0,"16":0,"17":0,"18":0,"19":0,"20":0,"21":0,"22":0,"23":0,"24":0,"25":0},"f":{"0":0,"1":0},"b":{"0":[0,0],"1":[0,0],"2":[0,0],"3":[0,0],"4":[0,0]}}
,"C:\\Users\\drake\\GitHub\\@saeris\\suru\\src\\commands\\pack.ts": {"path":"C:\\Users\\drake\\GitHub\\@saeris\\suru\\src\\commands\\pack.ts","statementMap":{"0":{"start":{"line":27,"column":18},"end":{"line":27,"column":39}},"1":{"start":{"line":30,"column":23},"end":{"line":30,"column":39}},"2":{"start":{"line":32,"column":17},"end":{"line":59,"column":3}},"3":{"start":{"line":61,"column":16},"end":{"line":67,"column":3}},"4":{"start":{"line":70,"column":16},"end":{"line":70,"column":29}},"5":{"start":{"line":71,"column":35},"end":{"line":71,"column":57}},"6":{"start":{"line":73,"column":4},"end":{"line":85,"column":5}},"7":{"start":{"line":74,"column":6},"end":{"line":83,"column":8}},"8":{"start":{"line":84,"column":6},"end":{"line":84,"column":13}},"9":{"start":{"line":86,"column":21},"end":{"line":86,"column":41}},"10":{"start":{"line":87,"column":17},"end":{"line":87,"column":39}},"11":{"start":{"line":88,"column":23},"end":{"line":88,"column":50}},"12":{"start":{"line":89,"column":26},"end":{"line":89,"column":52}},"13":{"start":{"line":90,"column":26},"end":{"line":90,"column":54}},"14":{"start":{"line":91,"column":21},"end":{"line":91,"column":57}},"15":{"start":{"line":92,"column":23},"end":{"line":92,"column":62}},"16":{"start":{"line":93,"column":19},"end":{"line":93,"column":46}},"17":{"start":{"line":94,"column":18},"end":{"line":94,"column":55}},"18":{"start":{"line":95,"column":23},"end":{"line":95,"column":45}},"19":{"start":{"line":96,"column":20},"end":{"line":96,"column":53}},"20":{"start":{"line":99,"column":4},"end":{"line":103,"column":5}},"21":{"start":{"line":100,"column":23},"end":{"line":100,"column":76}},"22":{"start":{"line":101,"column":6},"end":{"line":101,"column":36}},"23":{"start":{"line":102,"column":6},"end":{"line":102,"column":90}},"24":{"start":{"line":106,"column":22},"end":{"line":106,"column":93}},"25":{"start":{"line":107,"column":19},"end":{"line":107,"column":48}},"26":{"start":{"line":110,"column":4},"end":{"line":122,"column":5}},"27":{"start":{"line":111,"column":26},"end":{"line":111,"column":76}},"28":{"start":{"line":112,"column":6},"end":{"line":112,"column":43}},"29":{"start":{"line":113,"column":6},"end":{"line":120,"column":8}},"30":{"start":{"line":121,"column":6},"end":{"line":121,"column":81}},"31":{"start":{"line":123,"column":4},"end":{"line":135,"column":5}},"32":{"start":{"line":124,"column":26},"end":{"line":124,"column":76}},"33":{"start":{"line":125,"column":6},"end":{"line":125,"column":43}},"34":{"start":{"line":126,"column":6},"end":{"line":133,"column":8}},"35":{"start":{"line":134,"column":6},"end":{"line":134,"column":81}},"36":{"start":{"line":138,"column":4},"end":{"line":153,"column":5}},"37":{"start":{"line":139,"column":23},"end":{"line":139,"column":91}},"38":{"start":{"line":140,"column":6},"end":{"line":140,"column":45}},"39":{"start":{"line":141,"column":17},"end":{"line":141,"column":43}},"40":{"start":{"line":142,"column":35},"end":{"line":147,"column":8}},"41":{"start":{"line":144,"column":43},"end":{"line":144,"column":70}},"42":{"start":{"line":148,"column":6},"end":{"line":148,"column":32}},"43":{"start":{"line":149,"column":6},"end":{"line":151,"column":9}},"44":{"start":{"line":152,"column":6},"end":{"line":152,"column":84}},"45":{"start":{"line":156,"column":4},"end":{"line":168,"column":5}},"46":{"start":{"line":157,"column":23},"end":{"line":157,"column":71}},"47":{"start":{"line":158,"column":6},"end":{"line":166,"column":8}},"48":{"start":{"line":167,"column":6},"end":{"line":167,"column":75}},"49":{"start":{"line":171,"column":24},"end":{"line":171,"column":68}},"50":{"start":{"line":172,"column":4},"end":{"line":172,"column":41}},"51":{"start":{"line":173,"column":4},"end":{"line":180,"column":6}},"52":{"start":{"line":181,"column":4},"end":{"line":181,"column":79}},"53":{"start":{"line":182,"column":4},"end":{"line":182,"column":88}},"54":{"start":{"line":185,"column":24},"end":{"line":185,"column":76}},"55":{"start":{"line":186,"column":27},"end":{"line":194,"column":5}},"56":{"start":{"line":195,"column":4},"end":{"line":203,"column":6}},"57":{"start":{"line":199,"column":35},"end":{"line":199,"column":53}},"58":{"start":{"line":200,"column":28},"end":{"line":200,"column":96}},"59":{"start":{"line":201,"column":8},"end":{"line":201,"column":90}},"60":{"start":{"line":204,"column":4},"end":{"line":204,"column":80}},"61":{"start":{"line":206,"column":4},"end":{"line":216,"column":5}},"62":{"start":{"line":207,"column":22},"end":{"line":207,"column":69}},"63":{"start":{"line":208,"column":6},"end":{"line":214,"column":8}},"64":{"start":{"line":211,"column":12},"end":{"line":211,"column":81}},"65":{"start":{"line":215,"column":6},"end":{"line":215,"column":73}},"66":{"start":{"line":218,"column":4},"end":{"line":228,"column":5}},"67":{"start":{"line":219,"column":22},"end":{"line":219,"column":78}},"68":{"start":{"line":220,"column":6},"end":{"line":226,"column":8}},"69":{"start":{"line":223,"column":12},"end":{"line":223,"column":81}},"70":{"start":{"line":227,"column":6},"end":{"line":227,"column":82}},"71":{"start":{"line":231,"column":4},"end":{"line":231,"column":67}},"72":{"start":{"line":232,"column":4},"end":{"line":232,"column":90}}},"fnMap":{"0":{"name":"(anonymous_0)","decl":{"start":{"line":69,"column":2},"end":{"line":69,"column":3}},"loc":{"start":{"line":69,"column":29},"end":{"line":233,"column":3}},"line":69},"1":{"name":"(anonymous_1)","decl":{"start":{"line":144,"column":29},"end":{"line":144,"column":30}},"loc":{"start":{"line":144,"column":43},"end":{"line":144,"column":70}},"line":144},"2":{"name":"(anonymous_2)","decl":{"start":{"line":149,"column":50},"end":{"line":149,"column":51}},"loc":{"start":{"line":149,"column":56},"end":{"line":151,"column":7}},"line":149},"3":{"name":"(anonymous_3)","decl":{"start":{"line":198,"column":15},"end":{"line":198,"column":16}},"loc":{"start":{"line":198,"column":38},"end":{"line":202,"column":7}},"line":198},"4":{"name":"(anonymous_4)","decl":{"start":{"line":210,"column":10},"end":{"line":210,"column":11}},"loc":{"start":{"line":211,"column":12},"end":{"line":211,"column":81}},"line":211},"5":{"name":"(anonymous_5)","decl":{"start":{"line":222,"column":10},"end":{"line":222,"column":11}},"loc":{"start":{"line":223,"column":12},"end":{"line":223,"column":81}},"line":223}},"branchMap":{"0":{"loc":{"start":{"line":73,"column":4},"end":{"line":85,"column":5}},"type":"if","locations":[{"start":{"line":73,"column":4},"end":{"line":85,"column":5}},{"start":{},"end":{}}],"line":73},"1":{"loc":{"start":{"line":88,"column":23},"end":{"line":88,"column":50}},"type":"binary-expr","locations":[{"start":{"line":88,"column":23},"end":{"line":88,"column":36}},{"start":{"line":88,"column":40},"end":{"line":88,"column":50}}],"line":88},"2":{"loc":{"start":{"line":99,"column":4},"end":{"line":103,"column":5}},"type":"if","locations":[{"start":{"line":99,"column":4},"end":{"line":103,"column":5}},{"start":{},"end":{}}],"line":99},"3":{"loc":{"start":{"line":110,"column":4},"end":{"line":122,"column":5}},"type":"if","locations":[{"start":{"line":110,"column":4},"end":{"line":122,"column":5}},{"start":{},"end":{}}],"line":110},"4":{"loc":{"start":{"line":123,"column":4},"end":{"line":135,"column":5}},"type":"if","locations":[{"start":{"line":123,"column":4},"end":{"line":135,"column":5}},{"start":{},"end":{}}],"line":123},"5":{"loc":{"start":{"line":138,"column":4},"end":{"line":153,"column":5}},"type":"if","locations":[{"start":{"line":138,"column":4},"end":{"line":153,"column":5}},{"start":{},"end":{}}],"line":138},"6":{"loc":{"start":{"line":156,"column":4},"end":{"line":168,"column":5}},"type":"if","locations":[{"start":{"line":156,"column":4},"end":{"line":168,"column":5}},{"start":{},"end":{}}],"line":156},"7":{"loc":{"start":{"line":156,"column":8},"end":{"line":156,"column":44}},"type":"binary-expr","locations":[{"start":{"line":156,"column":8},"end":{"line":156,"column":22}},{"start":{"line":156,"column":26},"end":{"line":156,"column":44}}],"line":156},"8":{"loc":{"start":{"line":161,"column":10},"end":{"line":161,"column":81}},"type":"binary-expr","locations":[{"start":{"line":161,"column":10},"end":{"line":161,"column":33}},{"start":{"line":161,"column":38},"end":{"line":161,"column":80}}],"line":161},"9":{"loc":{"start":{"line":162,"column":10},"end":{"line":162,"column":81}},"type":"binary-expr","locations":[{"start":{"line":162,"column":10},"end":{"line":162,"column":33}},{"start":{"line":162,"column":38},"end":{"line":162,"column":80}}],"line":162},"10":{"loc":{"start":{"line":206,"column":4},"end":{"line":216,"column":5}},"type":"if","locations":[{"start":{"line":206,"column":4},"end":{"line":216,"column":5}},{"start":{},"end":{}}],"line":206},"11":{"loc":{"start":{"line":209,"column":22},"end":{"line":209,"column":81}},"type":"cond-expr","locations":[{"start":{"line":209,"column":52},"end":{"line":209,"column":64}},{"start":{"line":209,"column":67},"end":{"line":209,"column":81}}],"line":209},"12":{"loc":{"start":{"line":218,"column":4},"end":{"line":228,"column":5}},"type":"if","locations":[{"start":{"line":218,"column":4},"end":{"line":228,"column":5}},{"start":{},"end":{}}],"line":218}},"s":{"0":0,"1":0,"2":0,"3":0,"4":0,"5":0,"6":0,"7":0,"8":0,"9":0,"10":0,"11":0,"12":0,"13":0,"14":0,"15":0,"16":0,"17":0,"18":0,"19":0,"20":0,"21":0,"22":0,"23":0,"24":0,"25":0,"26":0,"27":0,"28":0,"29":0,"30":0,"31":0,"32":0,"33":0,"34":0,"35":0,"36":0,"37":0,"38":0,"39":0,"40":0,"41":0,"42":0,"43":0,"44":0,"45":0,"46":0,"47":0,"48":0,"49":0,"50":0,"51":0,"52":0,"53":0,"54":0,"55":0,"56":0,"57":0,"58":0,"59":0,"60":0,"61":0,"62":0,"63":0,"64":0,"65":0,"66":0,"67":0,"68":0,"69":0,"70":0,"71":0,"72":0},"f":{"0":0,"1":0,"2":0,"3":0,"4":0,"5":0},"b":{"0":[0,0],"1":[0,0],"2":[0,0],"3":[0,0],"4":[0,0],"5":[0,0],"6":[0,0],"7":[0,0],"8":[0,0],"9":[0,0],"10":[0,0],"11":[0,0],"12":[0,0]}}
,"C:\\Users\\drake\\GitHub\\@saeris\\suru\\src\\filesystem\\changeExtension.ts": {"path":"C:\\Users\\drake\\GitHub\\@saeris\\suru\\src\\filesystem\\changeExtension.ts","statementMap":{"0":{"start":{"line":3,"column":31},"end":{"line":5,"column":64}},"1":{"start":{"line":5,"column":2},"end":{"line":5,"column":64}}},"fnMap":{"0":{"name":"(anonymous_0)","decl":{"start":{"line":3,"column":31},"end":{"line":3,"column":32}},"loc":{"start":{"line":5,"column":2},"end":{"line":5,"column":64}},"line":5}},"branchMap":{},"s":{"0":0,"1":0},"f":{"0":0},"b":{}}
,"C:\\Users\\drake\\GitHub\\@saeris\\suru\\src\\filesystem\\copyFiles.ts": {"path":"C:\\Users\\drake\\GitHub\\@saeris\\suru\\src\\filesystem\\copyFiles.ts","statementMap":{"0":{"start":{"line":12,"column":25},"end":{"line":29,"column":1}},"1":{"start":{"line":13,"column":2},"end":{"line":19,"column":4}},"2":{"start":{"line":15,"column":6},"end":{"line":17,"column":7}},"3":{"start":{"line":16,"column":8},"end":{"line":16,"column":31}},"4":{"start":{"line":20,"column":2},"end":{"line":20,"column":51}},"5":{"start":{"line":21,"column":2},"end":{"line":28,"column":4}},"6":{"start":{"line":24,"column":8},"end":{"line":24,"column":44}},"7":{"start":{"line":25,"column":8},"end":{"line":25,"column":37}}},"fnMap":{"0":{"name":"(anonymous_0)","decl":{"start":{"line":12,"column":25},"end":{"line":12,"column":26}},"loc":{"start":{"line":12,"column":97},"end":{"line":29,"column":1}},"line":12},"1":{"name":"(anonymous_1)","decl":{"start":{"line":14,"column":30},"end":{"line":14,"column":31}},"loc":{"start":{"line":14,"column":46},"end":{"line":18,"column":5}},"line":14},"2":{"name":"(anonymous_2)","decl":{"start":{"line":23,"column":52},"end":{"line":23,"column":53}},"loc":{"start":{"line":23,"column":85},"end":{"line":26,"column":7}},"line":23}},"branchMap":{"0":{"loc":{"start":{"line":15,"column":6},"end":{"line":17,"column":7}},"type":"if","locations":[{"start":{"line":15,"column":6},"end":{"line":17,"column":7}},{"start":{},"end":{}}],"line":15}},"s":{"0":0,"1":0,"2":0,"3":0,"4":0,"5":0,"6":0,"7":0},"f":{"0":0,"1":0,"2":0},"b":{"0":[0,0]}}
,"C:\\Users\\drake\\GitHub\\@saeris\\suru\\src\\filesystem\\createDirectories.ts": {"path":"C:\\Users\\drake\\GitHub\\@saeris\\suru\\src\\filesystem\\createDirectories.ts","statementMap":{"0":{"start":{"line":9,"column":33},"end":{"line":11,"column":1}},"1":{"start":{"line":10,"column":2},"end":{"line":10,"column":86}},"2":{"start":{"line":10,"column":57},"end":{"line":10,"column":83}}},"fnMap":{"0":{"name":"(anonymous_0)","decl":{"start":{"line":9,"column":33},"end":{"line":9,"column":34}},"loc":{"start":{"line":9,"column":81},"end":{"line":11,"column":1}},"line":9},"1":{"name":"(anonymous_1)","decl":{"start":{"line":10,"column":36},"end":{"line":10,"column":37}},"loc":{"start":{"line":10,"column":57},"end":{"line":10,"column":83}},"line":10}},"branchMap":{},"s":{"0":0,"1":0,"2":0},"f":{"0":0,"1":0},"b":{}}
,"C:\\Users\\drake\\GitHub\\@saeris\\suru\\src\\filesystem\\exists.ts": {"path":"C:\\Users\\drake\\GitHub\\@saeris\\suru\\src\\filesystem\\exists.ts","statementMap":{"0":{"start":{"line":3,"column":22},"end":{"line":10,"column":1}},"1":{"start":{"line":4,"column":2},"end":{"line":9,"column":3}},"2":{"start":{"line":5,"column":4},"end":{"line":5,"column":23}},"3":{"start":{"line":6,"column":4},"end":{"line":6,"column":16}},"4":{"start":{"line":8,"column":4},"end":{"line":8,"column":17}}},"fnMap":{"0":{"name":"(anonymous_0)","decl":{"start":{"line":3,"column":22},"end":{"line":3,"column":23}},"loc":{"start":{"line":3,"column":64},"end":{"line":10,"column":1}},"line":3}},"branchMap":{},"s":{"0":0,"1":0,"2":0,"3":0,"4":0},"f":{"0":0},"b":{}}
,"C:\\Users\\drake\\GitHub\\@saeris\\suru\\src\\filesystem\\filterFilesByExtensions.ts": {"path":"C:\\Users\\drake\\GitHub\\@saeris\\suru\\src\\filesystem\\filterFilesByExtensions.ts","statementMap":{"0":{"start":{"line":3,"column":39},"end":{"line":7,"column":4}},"1":{"start":{"line":4,"column":2},"end":{"line":7,"column":4}},"2":{"start":{"line":5,"column":20},"end":{"line":5,"column":40}},"3":{"start":{"line":6,"column":4},"end":{"line":6,"column":36}}},"fnMap":{"0":{"name":"(anonymous_0)","decl":{"start":{"line":3,"column":39},"end":{"line":3,"column":40}},"loc":{"start":{"line":4,"column":2},"end":{"line":7,"column":4}},"line":4},"1":{"name":"(anonymous_1)","decl":{"start":{"line":4,"column":19},"end":{"line":4,"column":20}},"loc":{"start":{"line":4,"column":33},"end":{"line":7,"column":3}},"line":4}},"branchMap":{},"s":{"0":0,"1":0,"2":0,"3":0},"f":{"0":0,"1":0},"b":{}}
,"C:\\Users\\drake\\GitHub\\@saeris\\suru\\src\\filesystem\\findFilesByExtension.ts": {"path":"C:\\Users\\drake\\GitHub\\@saeris\\suru\\src\\filesystem\\findFilesByExtension.ts","statementMap":{"0":{"start":{"line":14,"column":36},"end":{"line":25,"column":1}},"1":{"start":{"line":19,"column":2},"end":{"line":19,"column":54}},"2":{"start":{"line":20,"column":2},"end":{"line":20,"column":43}},"3":{"start":{"line":21,"column":2},"end":{"line":24,"column":5}}},"fnMap":{"0":{"name":"(anonymous_0)","decl":{"start":{"line":14,"column":36},"end":{"line":14,"column":37}},"loc":{"start":{"line":18,"column":24},"end":{"line":25,"column":1}},"line":18}},"branchMap":{"0":{"loc":{"start":{"line":16,"column":2},"end":{"line":16,"column":29}},"type":"default-arg","locations":[{"start":{"line":16,"column":16},"end":{"line":16,"column":29}}],"line":16},"1":{"loc":{"start":{"line":17,"column":2},"end":{"line":17,"column":23}},"type":"default-arg","locations":[{"start":{"line":17,"column":21},"end":{"line":17,"column":23}}],"line":17},"2":{"loc":{"start":{"line":21,"column":22},"end":{"line":21,"column":89}},"type":"cond-expr","locations":[{"start":{"line":21,"column":46},"end":{"line":21,"column":73}},{"start":{"line":21,"column":76},"end":{"line":21,"column":89}}],"line":21}},"s":{"0":0,"1":0,"2":0,"3":0},"f":{"0":0},"b":{"0":[0],"1":[0],"2":[0,0]}}
,"C:\\Users\\drake\\GitHub\\@saeris\\suru\\src\\filesystem\\findFilesByName.ts": {"path":"C:\\Users\\drake\\GitHub\\@saeris\\suru\\src\\filesystem\\findFilesByName.ts","statementMap":{"0":{"start":{"line":13,"column":31},"end":{"line":25,"column":1}},"1":{"start":{"line":18,"column":2},"end":{"line":18,"column":49}},"2":{"start":{"line":19,"column":2},"end":{"line":19,"column":43}},"3":{"start":{"line":20,"column":2},"end":{"line":24,"column":5}}},"fnMap":{"0":{"name":"(anonymous_0)","decl":{"start":{"line":13,"column":31},"end":{"line":13,"column":32}},"loc":{"start":{"line":17,"column":24},"end":{"line":25,"column":1}},"line":17}},"branchMap":{"0":{"loc":{"start":{"line":15,"column":2},"end":{"line":15,"column":29}},"type":"default-arg","locations":[{"start":{"line":15,"column":16},"end":{"line":15,"column":29}}],"line":15},"1":{"loc":{"start":{"line":16,"column":2},"end":{"line":16,"column":23}},"type":"default-arg","locations":[{"start":{"line":16,"column":21},"end":{"line":16,"column":23}}],"line":16},"2":{"loc":{"start":{"line":20,"column":20},"end":{"line":20,"column":72}},"type":"cond-expr","locations":[{"start":{"line":20,"column":39},"end":{"line":20,"column":61}},{"start":{"line":20,"column":64},"end":{"line":20,"column":72}}],"line":20}},"s":{"0":0,"1":0,"2":0,"3":0},"f":{"0":0},"b":{"0":[0],"1":[0],"2":[0,0]}}
,"C:\\Users\\drake\\GitHub\\@saeris\\suru\\src\\filesystem\\findJSXFiles.ts": {"path":"C:\\Users\\drake\\GitHub\\@saeris\\suru\\src\\filesystem\\findJSXFiles.ts","statementMap":{"0":{"start":{"line":5,"column":28},"end":{"line":30,"column":1}},"1":{"start":{"line":6,"column":29},"end":{"line":6,"column":31}},"2":{"start":{"line":8,"column":2},"end":{"line":27,"column":4}},"3":{"start":{"line":10,"column":19},"end":{"line":10,"column":54}},"4":{"start":{"line":11,"column":6},"end":{"line":25,"column":7}},"5":{"start":{"line":12,"column":20},"end":{"line":15,"column":10}},"6":{"start":{"line":16,"column":8},"end":{"line":22,"column":11}},"7":{"start":{"line":18,"column":12},"end":{"line":18,"column":36}},"8":{"start":{"line":20,"column":12},"end":{"line":20,"column":24}},"9":{"start":{"line":24,"column":8},"end":{"line":24,"column":12}},"10":{"start":{"line":29,"column":2},"end":{"line":29,"column":18}}},"fnMap":{"0":{"name":"(anonymous_0)","decl":{"start":{"line":5,"column":28},"end":{"line":5,"column":29}},"loc":{"start":{"line":5,"column":83},"end":{"line":30,"column":1}},"line":5},"1":{"name":"(anonymous_1)","decl":{"start":{"line":9,"column":18},"end":{"line":9,"column":19}},"loc":{"start":{"line":9,"column":38},"end":{"line":26,"column":5}},"line":9},"2":{"name":"(anonymous_2)","decl":{"start":{"line":17,"column":10},"end":{"line":17,"column":11}},"loc":{"start":{"line":17,"column":33},"end":{"line":21,"column":11}},"line":17}},"branchMap":{"0":{"loc":{"start":{"line":5,"column":35},"end":{"line":5,"column":59}},"type":"default-arg","locations":[{"start":{"line":5,"column":57},"end":{"line":5,"column":59}}],"line":5}},"s":{"0":0,"1":0,"2":0,"3":0,"4":0,"5":0,"6":0,"7":0,"8":0,"9":0,"10":0},"f":{"0":0,"1":0,"2":0},"b":{"0":[0]}}
,"C:\\Users\\drake\\GitHub\\@saeris\\suru\\src\\filesystem\\index.ts": {"path":"C:\\Users\\drake\\GitHub\\@saeris\\suru\\src\\filesystem\\index.ts","statementMap":{},"fnMap":{},"branchMap":{},"s":{},"f":{},"b":{}}
,"C:\\Users\\drake\\GitHub\\@saeris\\suru\\src\\filesystem\\loadJson.ts": {"path":"C:\\Users\\drake\\GitHub\\@saeris\\suru\\src\\filesystem\\loadJson.ts","statementMap":{"0":{"start":{"line":7,"column":24},"end":{"line":20,"column":1}},"1":{"start":{"line":10,"column":2},"end":{"line":19,"column":3}},"2":{"start":{"line":11,"column":17},"end":{"line":11,"column":57}},"3":{"start":{"line":12,"column":4},"end":{"line":16,"column":6}},"4":{"start":{"line":18,"column":4},"end":{"line":18,"column":73}}},"fnMap":{"0":{"name":"(anonymous_0)","decl":{"start":{"line":7,"column":24},"end":{"line":7,"column":25}},"loc":{"start":{"line":9,"column":36},"end":{"line":20,"column":1}},"line":9}},"branchMap":{},"s":{"0":0,"1":0,"2":0,"3":0,"4":0},"f":{"0":0},"b":{}}
,"C:\\Users\\drake\\GitHub\\@saeris\\suru\\src\\filesystem\\writeFiles.ts": {"path":"C:\\Users\\drake\\GitHub\\@saeris\\suru\\src\\filesystem\\writeFiles.ts","statementMap":{"0":{"start":{"line":11,"column":26},"end":{"line":28,"column":1}},"1":{"start":{"line":12,"column":2},"end":{"line":27,"column":3}},"2":{"start":{"line":14,"column":4},"end":{"line":14,"column":47}},"3":{"start":{"line":16,"column":4},"end":{"line":24,"column":6}},"4":{"start":{"line":19,"column":8},"end":{"line":21,"column":9}},"5":{"start":{"line":20,"column":10},"end":{"line":20,"column":72}},"6":{"start":{"line":22,"column":8},"end":{"line":22,"column":19}},"7":{"start":{"line":26,"column":4},"end":{"line":26,"column":35}}},"fnMap":{"0":{"name":"(anonymous_0)","decl":{"start":{"line":11,"column":26},"end":{"line":11,"column":27}},"loc":{"start":{"line":11,"column":98},"end":{"line":28,"column":1}},"line":11},"1":{"name":"(anonymous_1)","decl":{"start":{"line":17,"column":41},"end":{"line":17,"column":42}},"loc":{"start":{"line":17,"column":72},"end":{"line":23,"column":7}},"line":17}},"branchMap":{"0":{"loc":{"start":{"line":19,"column":8},"end":{"line":21,"column":9}},"type":"if","locations":[{"start":{"line":19,"column":8},"end":{"line":21,"column":9}},{"start":{},"end":{}}],"line":19}},"s":{"0":0,"1":0,"2":0,"3":0,"4":0,"5":0,"6":0,"7":0},"f":{"0":0,"1":0},"b":{"0":[0,0]}}
,"C:\\Users\\drake\\GitHub\\@saeris\\suru\\src\\filesystem\\writeJson.ts": {"path":"C:\\Users\\drake\\GitHub\\@saeris\\suru\\src\\filesystem\\writeJson.ts","statementMap":{"0":{"start":{"line":11,"column":25},"end":{"line":15,"column":89}},"1":{"start":{"line":15,"column":2},"end":{"line":15,"column":89}}},"fnMap":{"0":{"name":"(anonymous_0)","decl":{"start":{"line":11,"column":25},"end":{"line":11,"column":26}},"loc":{"start":{"line":15,"column":2},"end":{"line":15,"column":89}},"line":15}},"branchMap":{"0":{"loc":{"start":{"line":15,"column":63},"end":{"line":15,"column":80}},"type":"binary-expr","locations":[{"start":{"line":15,"column":63},"end":{"line":15,"column":75}},{"start":{"line":15,"column":79},"end":{"line":15,"column":80}}],"line":15}},"s":{"0":0,"1":0},"f":{"0":0},"b":{"0":[0,0]}}
,"C:\\Users\\drake\\GitHub\\@saeris\\suru\\src\\filesystem\\git\\commitAll.ts": {"path":"C:\\Users\\drake\\GitHub\\@saeris\\suru\\src\\filesystem\\git\\commitAll.ts","statementMap":{"0":{"start":{"line":8,"column":25},"end":{"line":24,"column":1}},"1":{"start":{"line":9,"column":2},"end":{"line":9,"column":34}},"2":{"start":{"line":10,"column":15},"end":{"line":10,"column":51}},"3":{"start":{"line":11,"column":27},"end":{"line":11,"column":47}},"4":{"start":{"line":12,"column":17},"end":{"line":12,"column":41}},"5":{"start":{"line":13,"column":2},"end":{"line":17,"column":4}},"6":{"start":{"line":15,"column":6},"end":{"line":15,"column":81}},"7":{"start":{"line":18,"column":14},"end":{"line":22,"column":4}},"8":{"start":{"line":23,"column":2},"end":{"line":23,"column":51}}},"fnMap":{"0":{"name":"(anonymous_0)","decl":{"start":{"line":8,"column":25},"end":{"line":8,"column":26}},"loc":{"start":{"line":8,"column":67},"end":{"line":24,"column":1}},"line":8},"1":{"name":"(anonymous_1)","decl":{"start":{"line":14,"column":15},"end":{"line":14,"column":16}},"loc":{"start":{"line":15,"column":6},"end":{"line":15,"column":81}},"line":15}},"branchMap":{"0":{"loc":{"start":{"line":15,"column":6},"end":{"line":15,"column":81}},"type":"cond-expr","locations":[{"start":{"line":15,"column":23},"end":{"line":15,"column":49}},{"start":{"line":15,"column":52},"end":{"line":15,"column":81}}],"line":15}},"s":{"0":0,"1":0,"2":0,"3":0,"4":0,"5":0,"6":0,"7":0,"8":0},"f":{"0":0,"1":0},"b":{"0":[0,0]}}
,"C:\\Users\\drake\\GitHub\\@saeris\\suru\\src\\filesystem\\git\\getConsumerRoot.ts": {"path":"C:\\Users\\drake\\GitHub\\@saeris\\suru\\src\\filesystem\\git\\getConsumerRoot.ts","statementMap":{"0":{"start":{"line":10,"column":31},"end":{"line":14,"column":4}},"1":{"start":{"line":11,"column":2},"end":{"line":14,"column":4}}},"fnMap":{"0":{"name":"(anonymous_0)","decl":{"start":{"line":10,"column":31},"end":{"line":10,"column":32}},"loc":{"start":{"line":11,"column":2},"end":{"line":14,"column":4}},"line":11}},"branchMap":{"0":{"loc":{"start":{"line":10,"column":38},"end":{"line":10,"column":70}},"type":"default-arg","locations":[{"start":{"line":10,"column":57},"end":{"line":10,"column":70}}],"line":10}},"s":{"0":0,"1":0},"f":{"0":0},"b":{"0":[0]}}
,"C:\\Users\\drake\\GitHub\\@saeris\\suru\\src\\filesystem\\git\\getDirtyFiles.ts": {"path":"C:\\Users\\drake\\GitHub\\@saeris\\suru\\src\\filesystem\\git\\getDirtyFiles.ts","statementMap":{"0":{"start":{"line":7,"column":29},"end":{"line":14,"column":1}},"1":{"start":{"line":8,"column":30},"end":{"line":8,"column":86}},"2":{"start":{"line":9,"column":2},"end":{"line":13,"column":4}},"3":{"start":{"line":11,"column":6},"end":{"line":11,"column":93}}},"fnMap":{"0":{"name":"(anonymous_0)","decl":{"start":{"line":7,"column":29},"end":{"line":7,"column":30}},"loc":{"start":{"line":7,"column":60},"end":{"line":14,"column":1}},"line":7},"1":{"name":"(anonymous_1)","decl":{"start":{"line":10,"column":4},"end":{"line":10,"column":5}},"loc":{"start":{"line":11,"column":6},"end":{"line":11,"column":93}},"line":11}},"branchMap":{"0":{"loc":{"start":{"line":11,"column":6},"end":{"line":11,"column":93}},"type":"cond-expr","locations":[{"start":{"line":11,"column":56},"end":{"line":11,"column":85}},{"start":{"line":11,"column":88},"end":{"line":11,"column":93}}],"line":11},"1":{"loc":{"start":{"line":11,"column":6},"end":{"line":11,"column":53}},"type":"binary-expr","locations":[{"start":{"line":11,"column":6},"end":{"line":11,"column":26}},{"start":{"line":11,"column":30},"end":{"line":11,"column":53}}],"line":11}},"s":{"0":0,"1":0,"2":0,"3":0},"f":{"0":0,"1":0},"b":{"0":[0,0],"1":[0,0]}}
,"C:\\Users\\drake\\GitHub\\@saeris\\suru\\src\\filesystem\\git\\getGitConfig.ts": {"path":"C:\\Users\\drake\\GitHub\\@saeris\\suru\\src\\filesystem\\git\\getGitConfig.ts","statementMap":{"0":{"start":{"line":13,"column":28},"end":{"line":23,"column":1}},"1":{"start":{"line":14,"column":30},"end":{"line":14,"column":56}},"2":{"start":{"line":15,"column":23},"end":{"line":18,"column":4}},"3":{"start":{"line":19,"column":2},"end":{"line":21,"column":3}},"4":{"start":{"line":20,"column":4},"end":{"line":20,"column":41}},"5":{"start":{"line":22,"column":2},"end":{"line":22,"column":71}}},"fnMap":{"0":{"name":"(anonymous_0)","decl":{"start":{"line":13,"column":28},"end":{"line":13,"column":29}},"loc":{"start":{"line":13,"column":57},"end":{"line":23,"column":1}},"line":13}},"branchMap":{"0":{"loc":{"start":{"line":17,"column":10},"end":{"line":17,"column":42}},"type":"binary-expr","locations":[{"start":{"line":17,"column":10},"end":{"line":17,"column":29}},{"start":{"line":17,"column":33},"end":{"line":17,"column":42}}],"line":17},"1":{"loc":{"start":{"line":19,"column":2},"end":{"line":21,"column":3}},"type":"if","locations":[{"start":{"line":19,"column":2},"end":{"line":21,"column":3}},{"start":{},"end":{}}],"line":19}},"s":{"0":0,"1":0,"2":0,"3":0,"4":0,"5":0},"f":{"0":0},"b":{"0":[0,0],"1":[0,0]}}
,"C:\\Users\\drake\\GitHub\\@saeris\\suru\\src\\filesystem\\git\\getNewUntrackedFiles.ts": {"path":"C:\\Users\\drake\\GitHub\\@saeris\\suru\\src\\filesystem\\git\\getNewUntrackedFiles.ts","statementMap":{"0":{"start":{"line":7,"column":36},"end":{"line":13,"column":1}},"1":{"start":{"line":8,"column":30},"end":{"line":8,"column":86}},"2":{"start":{"line":9,"column":2},"end":{"line":12,"column":4}},"3":{"start":{"line":10,"column":28},"end":{"line":10,"column":85}}},"fnMap":{"0":{"name":"(anonymous_0)","decl":{"start":{"line":7,"column":36},"end":{"line":7,"column":37}},"loc":{"start":{"line":7,"column":67},"end":{"line":13,"column":1}},"line":7},"1":{"name":"(anonymous_1)","decl":{"start":{"line":10,"column":4},"end":{"line":10,"column":5}},"loc":{"start":{"line":10,"column":28},"end":{"line":10,"column":85}},"line":10}},"branchMap":{"0":{"loc":{"start":{"line":10,"column":28},"end":{"line":10,"column":85}},"type":"cond-expr","locations":[{"start":{"line":10,"column":48},"end":{"line":10,"column":77}},{"start":{"line":10,"column":80},"end":{"line":10,"column":85}}],"line":10}},"s":{"0":0,"1":0,"2":0,"3":0},"f":{"0":0,"1":0},"b":{"0":[0,0]}}
,"C:\\Users\\drake\\GitHub\\@saeris\\suru\\src\\filesystem\\git\\index.ts": {"path":"C:\\Users\\drake\\GitHub\\@saeris\\suru\\src\\filesystem\\git\\index.ts","statementMap":{},"fnMap":{},"branchMap":{},"s":{},"f":{},"b":{}}
,"C:\\Users\\drake\\GitHub\\@saeris\\suru\\src\\filesystem\\git\\isWorkingDirClean.ts": {"path":"C:\\Users\\drake\\GitHub\\@saeris\\suru\\src\\filesystem\\git\\isWorkingDirClean.ts","statementMap":{"0":{"start":{"line":7,"column":33},"end":{"line":10,"column":1}},"1":{"start":{"line":8,"column":30},"end":{"line":8,"column":86}},"2":{"start":{"line":9,"column":2},"end":{"line":9,"column":47}},"3":{"start":{"line":9,"column":32},"end":{"line":9,"column":45}}},"fnMap":{"0":{"name":"(anonymous_0)","decl":{"start":{"line":7,"column":33},"end":{"line":7,"column":34}},"loc":{"start":{"line":7,"column":63},"end":{"line":10,"column":1}},"line":7},"1":{"name":"(anonymous_1)","decl":{"start":{"line":9,"column":22},"end":{"line":9,"column":23}},"loc":{"start":{"line":9,"column":32},"end":{"line":9,"column":45}},"line":9}},"branchMap":{},"s":{"0":0,"1":0,"2":0,"3":0},"f":{"0":0,"1":0},"b":{}}
,"C:\\Users\\drake\\GitHub\\@saeris\\suru\\src\\filesystem\\npm\\addDependencies.ts": {"path":"C:\\Users\\drake\\GitHub\\@saeris\\suru\\src\\filesystem\\npm\\addDependencies.ts","statementMap":{"0":{"start":{"line":11,"column":31},"end":{"line":24,"column":1}},"1":{"start":{"line":15,"column":2},"end":{"line":23,"column":3}},"2":{"start":{"line":16,"column":4},"end":{"line":20,"column":7}},"3":{"start":{"line":22,"column":4},"end":{"line":22,"column":77}}},"fnMap":{"0":{"name":"(anonymous_0)","decl":{"start":{"line":11,"column":31},"end":{"line":11,"column":32}},"loc":{"start":{"line":14,"column":20},"end":{"line":24,"column":1}},"line":14}},"branchMap":{"0":{"loc":{"start":{"line":12,"column":2},"end":{"line":12,"column":46}},"type":"default-arg","locations":[{"start":{"line":12,"column":27},"end":{"line":12,"column":46}}],"line":12},"1":{"loc":{"start":{"line":13,"column":2},"end":{"line":13,"column":13}},"type":"default-arg","locations":[{"start":{"line":13,"column":8},"end":{"line":13,"column":13}}],"line":13},"2":{"loc":{"start":{"line":16,"column":32},"end":{"line":16,"column":47}},"type":"cond-expr","locations":[{"start":{"line":16,"column":38},"end":{"line":16,"column":42}},{"start":{"line":16,"column":45},"end":{"line":16,"column":47}}],"line":16}},"s":{"0":0,"1":0,"2":0,"3":0},"f":{"0":0},"b":{"0":[0],"1":[0],"2":[0,0]}}
,"C:\\Users\\drake\\GitHub\\@saeris\\suru\\src\\filesystem\\npm\\diffDependencies.ts": {"path":"C:\\Users\\drake\\GitHub\\@saeris\\suru\\src\\filesystem\\npm\\diffDependencies.ts","statementMap":{"0":{"start":{"line":4,"column":32},"end":{"line":13,"column":1}},"1":{"start":{"line":7,"column":30},"end":{"line":7,"column":51}},"2":{"start":{"line":8,"column":32},"end":{"line":8,"column":64}},"3":{"start":{"line":9,"column":15},"end":{"line":9,"column":69}},"4":{"start":{"line":11,"column":2},"end":{"line":11,"column":68}},"5":{"start":{"line":12,"column":2},"end":{"line":12,"column":14}}},"fnMap":{"0":{"name":"(anonymous_0)","decl":{"start":{"line":4,"column":32},"end":{"line":4,"column":33}},"loc":{"start":{"line":6,"column":24},"end":{"line":13,"column":1}},"line":6}},"branchMap":{"0":{"loc":{"start":{"line":5,"column":2},"end":{"line":5,"column":54}},"type":"default-arg","locations":[{"start":{"line":5,"column":35},"end":{"line":5,"column":54}}],"line":5}},"s":{"0":0,"1":0,"2":0,"3":0,"4":0,"5":0},"f":{"0":0},"b":{"0":[0]}}
,"C:\\Users\\drake\\GitHub\\@saeris\\suru\\src\\filesystem\\npm\\getDependenciesToUpdate.ts": {"path":"C:\\Users\\drake\\GitHub\\@saeris\\suru\\src\\filesystem\\npm\\getDependenciesToUpdate.ts","statementMap":{"0":{"start":{"line":18,"column":39},"end":{"line":34,"column":1}},"1":{"start":{"line":21,"column":32},"end":{"line":21,"column":64}},"2":{"start":{"line":22,"column":19},"end":{"line":32,"column":23}},"3":{"start":{"line":23,"column":22},"end":{"line":23,"column":59}},"4":{"start":{"line":24,"column":4},"end":{"line":30,"column":5}},"5":{"start":{"line":26,"column":6},"end":{"line":26,"column":27}},"6":{"start":{"line":27,"column":11},"end":{"line":30,"column":5}},"7":{"start":{"line":29,"column":6},"end":{"line":29,"column":27}},"8":{"start":{"line":31,"column":4},"end":{"line":31,"column":16}},"9":{"start":{"line":33,"column":2},"end":{"line":33,"column":23}}},"fnMap":{"0":{"name":"(anonymous_0)","decl":{"start":{"line":18,"column":39},"end":{"line":18,"column":40}},"loc":{"start":{"line":20,"column":24},"end":{"line":34,"column":1}},"line":20},"1":{"name":"(anonymous_1)","decl":{"start":{"line":22,"column":51},"end":{"line":22,"column":52}},"loc":{"start":{"line":22,"column":82},"end":{"line":32,"column":3}},"line":22}},"branchMap":{"0":{"loc":{"start":{"line":19,"column":2},"end":{"line":19,"column":70}},"type":"default-arg","locations":[{"start":{"line":19,"column":45},"end":{"line":19,"column":70}}],"line":19},"1":{"loc":{"start":{"line":24,"column":4},"end":{"line":30,"column":5}},"type":"if","locations":[{"start":{"line":24,"column":4},"end":{"line":30,"column":5}},{"start":{"line":27,"column":11},"end":{"line":30,"column":5}}],"line":24},"2":{"loc":{"start":{"line":27,"column":11},"end":{"line":30,"column":5}},"type":"if","locations":[{"start":{"line":27,"column":11},"end":{"line":30,"column":5}},{"start":{},"end":{}}],"line":27}},"s":{"0":0,"1":0,"2":0,"3":0,"4":0,"5":0,"6":0,"7":0,"8":0,"9":0},"f":{"0":0,"1":0},"b":{"0":[0],"1":[0,0],"2":[0,0]}}
,"C:\\Users\\drake\\GitHub\\@saeris\\suru\\src\\filesystem\\npm\\getInstalledDependencies.ts": {"path":"C:\\Users\\drake\\GitHub\\@saeris\\suru\\src\\filesystem\\npm\\getInstalledDependencies.ts","statementMap":{"0":{"start":{"line":9,"column":40},"end":{"line":12,"column":1}},"1":{"start":{"line":10,"column":19},"end":{"line":10,"column":39}},"2":{"start":{"line":11,"column":2},"end":{"line":11,"column":36}}},"fnMap":{"0":{"name":"(anonymous_0)","decl":{"start":{"line":9,"column":40},"end":{"line":9,"column":41}},"loc":{"start":{"line":9,"column":83},"end":{"line":12,"column":1}},"line":9}},"branchMap":{},"s":{"0":0,"1":0,"2":0},"f":{"0":0},"b":{}}
,"C:\\Users\\drake\\GitHub\\@saeris\\suru\\src\\filesystem\\npm\\getLocalVersion.ts": {"path":"C:\\Users\\drake\\GitHub\\@saeris\\suru\\src\\filesystem\\npm\\getLocalVersion.ts","statementMap":{"0":{"start":{"line":10,"column":31},"end":{"line":14,"column":1}},"1":{"start":{"line":11,"column":19},"end":{"line":11,"column":49}},"2":{"start":{"line":13,"column":2},"end":{"line":13,"column":60}}},"fnMap":{"0":{"name":"(anonymous_0)","decl":{"start":{"line":10,"column":31},"end":{"line":10,"column":32}},"loc":{"start":{"line":10,"column":85},"end":{"line":14,"column":1}},"line":10}},"branchMap":{"0":{"loc":{"start":{"line":13,"column":9},"end":{"line":13,"column":59}},"type":"binary-expr","locations":[{"start":{"line":13,"column":9},"end":{"line":13,"column":51}},{"start":{"line":13,"column":55},"end":{"line":13,"column":59}}],"line":13}},"s":{"0":0,"1":0,"2":0},"f":{"0":0},"b":{"0":[0,0]}}
,"C:\\Users\\drake\\GitHub\\@saeris\\suru\\src\\filesystem\\npm\\getPath.ts": {"path":"C:\\Users\\drake\\GitHub\\@saeris\\suru\\src\\filesystem\\npm\\getPath.ts","statementMap":{"0":{"start":{"line":11,"column":23},"end":{"line":39,"column":1}},"1":{"start":{"line":12,"column":2},"end":{"line":38,"column":3}},"2":{"start":{"line":13,"column":4},"end":{"line":33,"column":5}},"3":{"start":{"line":14,"column":20},"end":{"line":14,"column":59}},"4":{"start":{"line":15,"column":6},"end":{"line":25,"column":7}},"5":{"start":{"line":16,"column":8},"end":{"line":24,"column":9}},"6":{"start":{"line":17,"column":10},"end":{"line":17,"column":66}},"7":{"start":{"line":19,"column":10},"end":{"line":21,"column":12}},"8":{"start":{"line":22,"column":10},"end":{"line":22,"column":51}},"9":{"start":{"line":23,"column":10},"end":{"line":23,"column":74}},"10":{"start":{"line":26,"column":6},"end":{"line":26,"column":70}},"11":{"start":{"line":28,"column":6},"end":{"line":30,"column":8}},"12":{"start":{"line":32,"column":6},"end":{"line":32,"column":41}},"13":{"start":{"line":35,"column":4},"end":{"line":37,"column":6}}},"fnMap":{"0":{"name":"(anonymous_0)","decl":{"start":{"line":11,"column":23},"end":{"line":11,"column":24}},"loc":{"start":{"line":11,"column":97},"end":{"line":39,"column":1}},"line":11}},"branchMap":{"0":{"loc":{"start":{"line":11,"column":50},"end":{"line":11,"column":75}},"type":"default-arg","locations":[{"start":{"line":11,"column":70},"end":{"line":11,"column":75}}],"line":11},"1":{"loc":{"start":{"line":14,"column":20},"end":{"line":14,"column":59}},"type":"binary-expr","locations":[{"start":{"line":14,"column":20},"end":{"line":14,"column":53}},{"start":{"line":14,"column":57},"end":{"line":14,"column":59}}],"line":14},"2":{"loc":{"start":{"line":15,"column":6},"end":{"line":25,"column":7}},"type":"if","locations":[{"start":{"line":15,"column":6},"end":{"line":25,"column":7}},{"start":{},"end":{}}],"line":15}},"s":{"0":0,"1":0,"2":0,"3":0,"4":0,"5":0,"6":0,"7":0,"8":0,"9":0,"10":0,"11":0,"12":0,"13":0},"f":{"0":0},"b":{"0":[0],"1":[0,0],"2":[0,0]}}
[...]
,"C:\\Users\\drake\\GitHub\\@saeris\\suru\\src\\utils\\pack\\parseTargets.ts": {"path":"C:\\Users\\drake\\GitHub\\@saeris\\suru\\src\\utils\\pack\\parseTargets.ts","statementMap":{"0":{"start":{"line":1,"column":28},"end":{"line":6,"column":5}},"1":{"start":{"line":2,"column":2},"end":{"line":6,"column":5}},"2":{"start":{"line":2,"column":50},"end":{"line":2,"column":88}}},"fnMap":{"0":{"name":"(anonymous_0)","decl":{"start":{"line":1,"column":28},"end":{"line":1,"column":29}},"loc":{"start":{"line":2,"column":2},"end":{"line":6,"column":5}},"line":2},"1":{"name":"(anonymous_1)","decl":{"start":{"line":2,"column":38},"end":{"line":2,"column":39}},"loc":{"start":{"line":2,"column":50},"end":{"line":2,"column":88}},"line":2}},"branchMap":{"0":{"loc":{"start":{"line":1,"column":29},"end":{"line":1,"column":45}},"type":"default-arg","locations":[{"start":{"line":1,"column":43},"end":{"line":1,"column":45}}],"line":1}},"s":{"0":0,"1":0,"2":0},"f":{"0":0,"1":0},"b":{"0":[0]}}
,"C:\\Users\\drake\\GitHub\\@saeris\\suru\\src\\utils\\pack\\transpileCJS.ts": {"path":"C:\\Users\\drake\\GitHub\\@saeris\\suru\\src\\utils\\pack\\transpileCJS.ts","statementMap":{"0":{"start":{"line":6,"column":28},"end":{"line":27,"column":3}},"1":{"start":{"line":10,"column":2},"end":{"line":27,"column":3}},"2":{"start":{"line":12,"column":6},"end":{"line":25,"column":14}}},"fnMap":{"0":{"name":"(anonymous_0)","decl":{"start":{"line":6,"column":28},"end":{"line":6,"column":29}},"loc":{"start":{"line":10,"column":2},"end":{"line":27,"column":3}},"line":10},"1":{"name":"(anonymous_1)","decl":{"start":{"line":11,"column":19},"end":{"line":11,"column":20}},"loc":{"start":{"line":12,"column":6},"end":{"line":25,"column":14}},"line":12}},"branchMap":{"0":{"loc":{"start":{"line":8,"column":2},"end":{"line":8,"column":20}},"type":"default-arg","locations":[{"start":{"line":8,"column":15},"end":{"line":8,"column":20}}],"line":8},"1":{"loc":{"start":{"line":12,"column":6},"end":{"line":25,"column":14}},"type":"cond-expr","locations":[{"start":{"line":13,"column":10},"end":{"line":24,"column":12}},{"start":{"line":25,"column":10},"end":{"line":25,"column":14}}],"line":12}},"s":{"0":0,"1":0,"2":0},"f":{"0":0,"1":0},"b":{"0":[0],"1":[0,0]}}
,"C:\\Users\\drake\\GitHub\\@saeris\\suru\\src\\utils\\pack\\transpileESM.ts": {"path":"C:\\Users\\drake\\GitHub\\@saeris\\suru\\src\\utils\\pack\\transpileESM.ts","statementMap":{"0":{"start":{"line":6,"column":28},"end":{"line":28,"column":3}},"1":{"start":{"line":10,"column":2},"end":{"line":28,"column":3}},"2":{"start":{"line":12,"column":6},"end":{"line":26,"column":14}}},"fnMap":{"0":{"name":"(anonymous_0)","decl":{"start":{"line":6,"column":28},"end":{"line":6,"column":29}},"loc":{"start":{"line":10,"column":2},"end":{"line":28,"column":3}},"line":10},"1":{"name":"(anonymous_1)","decl":{"start":{"line":11,"column":19},"end":{"line":11,"column":20}},"loc":{"start":{"line":12,"column":6},"end":{"line":26,"column":14}},"line":12}},"branchMap":{"0":{"loc":{"start":{"line":8,"column":2},"end":{"line":8,"column":20}},"type":"default-arg","locations":[{"start":{"line":8,"column":15},"end":{"line":8,"column":20}}],"line":8},"1":{"loc":{"start":{"line":12,"column":6},"end":{"line":26,"column":14}},"type":"cond-expr","locations":[{"start":{"line":13,"column":10},"end":{"line":25,"column":12}},{"start":{"line":26,"column":10},"end":{"line":26,"column":14}}],"line":12}},"s":{"0":0,"1":0,"2":0},"f":{"0":0,"1":0},"b":{"0":[0],"1":[0,0]}}
,"C:\\Users\\drake\\GitHub\\@saeris\\suru\\src\\utils\\pack\\transpileSrc.ts": {"path":"C:\\Users\\drake\\GitHub\\@saeris\\suru\\src\\utils\\pack\\transpileSrc.ts","statementMap":{"0":{"start":{"line":5,"column":28},"end":{"line":31,"column":3}},"1":{"start":{"line":9,"column":2},"end":{"line":31,"column":3}},"2":{"start":{"line":12,"column":8},"end":{"line":29,"column":10}}},"fnMap":{"0":{"name":"(anonymous_0)","decl":{"start":{"line":5,"column":28},"end":{"line":5,"column":29}},"loc":{"start":{"line":9,"column":2},"end":{"line":31,"column":3}},"line":9},"1":{"name":"(anonymous_1)","decl":{"start":{"line":11,"column":6},"end":{"line":11,"column":7}},"loc":{"start":{"line":12,"column":8},"end":{"line":29,"column":10}},"line":12}},"branchMap":{"0":{"loc":{"start":{"line":7,"column":2},"end":{"line":7,"column":20}},"type":"default-arg","locations":[{"start":{"line":7,"column":15},"end":{"line":7,"column":20}}],"line":7},"1":{"loc":{"start":{"line":12,"column":8},"end":{"line":29,"column":10}},"type":"binary-expr","locations":[{"start":{"line":12,"column":8},"end":{"line":12,"column":19}},{"start":{"line":13,"column":8},"end":{"line":29,"column":10}}],"line":12}},"s":{"0":0,"1":0,"2":0},"f":{"0":0,"1":0},"b":{"0":[0],"1":[0,0]}}
,"C:\\Users\\drake\\GitHub\\@saeris\\suru\\src\\utils\\pack\\writeBundles.ts": {"path":"C:\\Users\\drake\\GitHub\\@saeris\\suru\\src\\utils\\pack\\writeBundles.ts","statementMap":{"0":{"start":{"line":4,"column":28},"end":{"line":11,"column":1}},"1":{"start":{"line":8,"column":2},"end":{"line":8,"column":66}},"2":{"start":{"line":9,"column":2},"end":{"line":9,"column":73}},"3":{"start":{"line":9,"column":50},"end":{"line":9,"column":70}},"4":{"start":{"line":10,"column":2},"end":{"line":10,"column":23}}},"fnMap":{"0":{"name":"(anonymous_0)","decl":{"start":{"line":4,"column":28},"end":{"line":4,"column":29}},"loc":{"start":{"line":7,"column":20},"end":{"line":11,"column":1}},"line":7},"1":{"name":"(anonymous_1)","decl":{"start":{"line":9,"column":32},"end":{"line":9,"column":33}},"loc":{"start":{"line":9,"column":50},"end":{"line":9,"column":70}},"line":9}},"branchMap":{},"s":{"0":0,"1":0,"2":0,"3":0,"4":0},"f":{"0":0,"1":0},"b":{}}
,"C:\\Users\\drake\\GitHub\\@saeris\\suru\\src\\utils\\pack\\writeESMBundle.ts": {"path":"C:\\Users\\drake\\GitHub\\@saeris\\suru\\src\\utils\\pack\\writeESMBundle.ts","statementMap":{"0":{"start":{"line":10,"column":30},"end":{"line":35,"column":1}},"1":{"start":{"line":14,"column":2},"end":{"line":14,"column":30}},"2":{"start":{"line":15,"column":19},"end":{"line":15,"column":61}},"3":{"start":{"line":17,"column":22},"end":{"line":19,"column":4}},"4":{"start":{"line":21,"column":2},"end":{"line":34,"column":4}}},"fnMap":{"0":{"name":"(anonymous_0)","decl":{"start":{"line":10,"column":30},"end":{"line":10,"column":31}},"loc":{"start":{"line":13,"column":31},"end":{"line":35,"column":1}},"line":13}},"branchMap":{"0":{"loc":{"start":{"line":12,"column":2},"end":{"line":12,"column":20}},"type":"default-arg","locations":[{"start":{"line":12,"column":15},"end":{"line":12,"column":20}}],"line":12}},"s":{"0":0,"1":0,"2":0,"3":0,"4":0},"f":{"0":0},"b":{"0":[0]}}
,"C:\\Users\\drake\\GitHub\\@saeris\\suru\\src\\utils\\pack\\writeTranspilationOutputs.ts": {"path":"C:\\Users\\drake\\GitHub\\@saeris\\suru\\src\\utils\\pack\\writeTranspilationOutputs.ts","statementMap":{"0":{"start":{"line":4,"column":41},"end":{"line":22,"column":50}},"1":{"start":{"line":10,"column":2},"end":{"line":22,"column":50}},"2":{"start":{"line":11,"column":4},"end":{"line":14,"column":6}},"3":{"start":{"line":15,"column":4},"end":{"line":20,"column":5}},"4":{"start":{"line":16,"column":6},"end":{"line":19,"column":8}},"5":{"start":{"line":21,"column":4},"end":{"line":21,"column":19}}},"fnMap":{"0":{"name":"(anonymous_0)","decl":{"start":{"line":4,"column":41},"end":{"line":4,"column":42}},"loc":{"start":{"line":10,"column":2},"end":{"line":22,"column":50}},"line":10},"1":{"name":"(anonymous_1)","decl":{"start":{"line":10,"column":30},"end":{"line":10,"column":31}},"loc":{"start":{"line":10,"column":54},"end":{"line":22,"column":3}},"line":10}},"branchMap":{"0":{"loc":{"start":{"line":8,"column":2},"end":{"line":8,"column":20}},"type":"default-arg","locations":[{"start":{"line":8,"column":15},"end":{"line":8,"column":20}}],"line":8},"1":{"loc":{"start":{"line":13,"column":6},"end":{"line":13,"column":26}},"type":"binary-expr","locations":[{"start":{"line":13,"column":6},"end":{"line":13,"column":18}},{"start":{"line":13,"column":22},"end":{"line":13,"column":26}}],"line":13},"2":{"loc":{"start":{"line":15,"column":4},"end":{"line":20,"column":5}},"type":"if","locations":[{"start":{"line":15,"column":4},"end":{"line":20,"column":5}},{"start":{},"end":{}}],"line":15},"3":{"loc":{"start":{"line":18,"column":8},"end":{"line":18,"column":59}},"type":"binary-expr","locations":[{"start":{"line":18,"column":9},"end":{"line":18,"column":20}},{"start":{"line":18,"column":24},"end":{"line":18,"column":50}},{"start":{"line":18,"column":55},"end":{"line":18,"column":59}}],"line":18}},"s":{"0":0,"1":0,"2":0,"3":0,"4":0,"5":0},"f":{"0":0,"1":0},"b":{"0":[0],"1":[0,0],"2":[0,0],"3":[0,0,0]}}
,"C:\\Users\\drake\\GitHub\\@saeris\\suru\\src\\utils\\pack\\writeUMDBundle.ts": {"path":"C:\\Users\\drake\\GitHub\\@saeris\\suru\\src\\utils\\pack\\writeUMDBundle.ts","statementMap":{"0":{"start":{"line":11,"column":30},"end":{"line":38,"column":1}},"1":{"start":{"line":15,"column":2},"end":{"line":15,"column":30}},"2":{"start":{"line":16,"column":19},"end":{"line":16,"column":61}},"3":{"start":{"line":18,"column":22},"end":{"line":20,"column":4}},"4":{"start":{"line":22,"column":2},"end":{"line":37,"column":4}}},"fnMap":{"0":{"name":"(anonymous_0)","decl":{"start":{"line":11,"column":30},"end":{"line":11,"column":31}},"loc":{"start":{"line":14,"column":31},"end":{"line":38,"column":1}},"line":14}},"branchMap":{"0":{"loc":{"start":{"line":13,"column":2},"end":{"line":13,"column":20}},"type":"default-arg","locations":[{"start":{"line":13,"column":15},"end":{"line":13,"column":20}}],"line":13},"1":{"loc":{"start":{"line":24,"column":35},"end":{"line":24,"column":54}},"type":"binary-expr","locations":[{"start":{"line":24,"column":35},"end":{"line":24,"column":48}},{"start":{"line":24,"column":52},"end":{"line":24,"column":54}}],"line":24},"2":{"loc":{"start":{"line":31,"column":35},"end":{"line":31,"column":54}},"type":"binary-expr","locations":[{"start":{"line":31,"column":35},"end":{"line":31,"column":48}},{"start":{"line":31,"column":52},"end":{"line":31,"column":54}}],"line":31}},"s":{"0":0,"1":0,"2":0,"3":0,"4":0},"f":{"0":0},"b":{"0":[0],"1":[0,0],"2":[0,0]}}
,"C:\\Users\\drake\\GitHub\\@saeris\\suru\\src\\utils\\ts\\emitTypes.ts": {"path":"C:\\Users\\drake\\GitHub\\@saeris\\suru\\src\\utils\\ts\\emitTypes.ts","statementMap":{"0":{"start":{"line":7,"column":25},"end":{"line":36,"column":1}},"1":{"start":{"line":22,"column":18},"end":{"line":22,"column":43}},"2":{"start":{"line":23,"column":45},"end":{"line":28,"column":3}},"3":{"start":{"line":29,"column":15},"end":{"line":29,"column":44}},"4":{"start":{"line":30,"column":2},"end":{"line":32,"column":4}},"5":{"start":{"line":31,"column":4},"end":{"line":31,"column":36}},"6":{"start":{"line":33,"column":18},"end":{"line":33,"column":59}},"7":{"start":{"line":34,"column":21},"end":{"line":34,"column":35}},"8":{"start":{"line":35,"column":2},"end":{"line":35,"column":42}}},"fnMap":{"0":{"name":"(anonymous_0)","decl":{"start":{"line":7,"column":25},"end":{"line":7,"column":26}},"loc":{"start":{"line":21,"column":5},"end":{"line":36,"column":1}},"line":21},"1":{"name":"(anonymous_1)","decl":{"start":{"line":30,"column":19},"end":{"line":30,"column":20}},"loc":{"start":{"line":30,"column":65},"end":{"line":32,"column":3}},"line":30}},"branchMap":{},"s":{"0":0,"1":0,"2":0,"3":0,"4":0,"5":0,"6":0,"7":0,"8":0},"f":{"0":0,"1":0},"b":{}}
,"C:\\Users\\drake\\GitHub\\@saeris\\suru\\src\\utils\\ts\\getEmitDiagnostics.ts": {"path":"C:\\Users\\drake\\GitHub\\@saeris\\suru\\src\\utils\\ts\\getEmitDiagnostics.ts","statementMap":{"0":{"start":{"line":3,"column":34},"end":{"line":22,"column":6}},"1":{"start":{"line":12,"column":2},"end":{"line":22,"column":6}},"2":{"start":{"line":16,"column":6},"end":{"line":20,"column":7}},"3":{"start":{"line":17,"column":36},"end":{"line":17,"column":104}},"4":{"start":{"line":18,"column":24},"end":{"line":18,"column":85}},"5":{"start":{"line":19,"column":8},"end":{"line":19,"column":88}},"6":{"start":{"line":21,"column":6},"end":{"line":21,"column":75}}},"fnMap":{"0":{"name":"(anonymous_0)","decl":{"start":{"line":3,"column":34},"end":{"line":3,"column":35}},"loc":{"start":{"line":12,"column":2},"end":{"line":22,"column":6}},"line":12},"1":{"name":"(anonymous_1)","decl":{"start":{"line":15,"column":9},"end":{"line":15,"column":10}},"loc":{"start":{"line":15,"column":25},"end":{"line":22,"column":5}},"line":15}},"branchMap":{"0":{"loc":{"start":{"line":16,"column":6},"end":{"line":20,"column":7}},"type":"if","locations":[{"start":{"line":16,"column":6},"end":{"line":20,"column":7}},{"start":{},"end":{}}],"line":16}},"s":{"0":0,"1":0,"2":0,"3":0,"4":0,"5":0,"6":0},"f":{"0":0,"1":0},"b":{"0":[0,0]}}
,"C:\\Users\\drake\\GitHub\\@saeris\\suru\\src\\utils\\ts\\getTSConfig.ts": {"path":"C:\\Users\\drake\\GitHub\\@saeris\\suru\\src\\utils\\ts\\getTSConfig.ts","statementMap":{"0":{"start":{"line":5,"column":27},"end":{"line":18,"column":1}},"1":{"start":{"line":6,"column":2},"end":{"line":10,"column":3}},"2":{"start":{"line":7,"column":17},"end":{"line":7,"column":39}},"3":{"start":{"line":8,"column":4},"end":{"line":8,"column":68}},"4":{"start":{"line":9,"column":4},"end":{"line":9,"column":31}},"5":{"start":{"line":11,"column":24},"end":{"line":11,"column":46}},"6":{"start":{"line":12,"column":2},"end":{"line":15,"column":3}},"7":{"start":{"line":13,"column":4},"end":{"line":13,"column":68}},"8":{"start":{"line":14,"column":4},"end":{"line":14,"column":40}},"9":{"start":{"line":16,"column":2},"end":{"line":16,"column":47}},"10":{"start":{"line":17,"column":2},"end":{"line":17,"column":49}}},"fnMap":{"0":{"name":"(anonymous_0)","decl":{"start":{"line":5,"column":27},"end":{"line":5,"column":28}},"loc":{"start":{"line":5,"column":88},"end":{"line":18,"column":1}},"line":5}},"branchMap":{"0":{"loc":{"start":{"line":6,"column":2},"end":{"line":10,"column":3}},"type":"if","locations":[{"start":{"line":6,"column":2},"end":{"line":10,"column":3}},{"start":{},"end":{}}],"line":6},"1":{"loc":{"start":{"line":12,"column":2},"end":{"line":15,"column":3}},"type":"if","locations":[{"start":{"line":12,"column":2},"end":{"line":15,"column":3}},{"start":{},"end":{}}],"line":12}},"s":{"0":0,"1":0,"2":0,"3":0,"4":0,"5":0,"6":0,"7":0,"8":0,"9":0,"10":0},"f":{"0":0},"b":{"0":[0,0],"1":[0,0]}}
,"C:\\Users\\drake\\GitHub\\@saeris\\suru\\src\\utils\\ts\\index.ts": {"path":"C:\\Users\\drake\\GitHub\\@saeris\\suru\\src\\utils\\ts\\index.ts","statementMap":{},"fnMap":{},"branchMap":{},"s":{},"f":{},"b":{}}
,"C:\\Users\\drake\\GitHub\\@saeris\\suru\\src\\utils\\ts\\loadCompilerOptions.ts": {"path":"C:\\Users\\drake\\GitHub\\@saeris\\suru\\src\\utils\\ts\\loadCompilerOptions.ts","statementMap":{"0":{"start":{"line":12,"column":35},"end":{"line":32,"column":1}},"1":{"start":{"line":13,"column":18},"end":{"line":13,"column":39}},"2":{"start":{"line":14,"column":19},"end":{"line":14,"column":41}},"3":{"start":{"line":15,"column":23},"end":{"line":15,"column":89}},"4":{"start":{"line":17,"column":2},"end":{"line":19,"column":3}},"5":{"start":{"line":18,"column":4},"end":{"line":18,"column":97}},"6":{"start":{"line":21,"column":28},"end":{"line":21,"column":87}},"7":{"start":{"line":23,"column":2},"end":{"line":27,"column":3}},"8":{"start":{"line":25,"column":4},"end":{"line":25,"column":29}},"9":{"start":{"line":26,"column":4},"end":{"line":26,"column":74}},"10":{"start":{"line":29,"column":22},"end":{"line":29,"column":76}},"11":{"start":{"line":31,"column":2},"end":{"line":31,"column":17}}},"fnMap":{"0":{"name":"(anonymous_0)","decl":{"start":{"line":12,"column":35},"end":{"line":12,"column":36}},"loc":{"start":{"line":12,"column":76},"end":{"line":32,"column":1}},"line":12}},"branchMap":{"0":{"loc":{"start":{"line":17,"column":2},"end":{"line":19,"column":3}},"type":"if","locations":[{"start":{"line":17,"column":2},"end":{"line":19,"column":3}},{"start":{},"end":{}}],"line":17},"1":{"loc":{"start":{"line":23,"column":2},"end":{"line":27,"column":3}},"type":"if","locations":[{"start":{"line":23,"column":2},"end":{"line":27,"column":3}},{"start":{},"end":{}}],"line":23}},"s":{"0":0,"1":0,"2":0,"3":0,"4":0,"5":0,"6":0,"7":0,"8":0,"9":0,"10":0,"11":0},"f":{"0":0},"b":{"0":[0,0],"1":[0,0]}}
,"C:\\Users\\drake\\GitHub\\@saeris\\suru\\src\\utils\\ts\\normalizeCompilerOptions.ts": {"path":"C:\\Users\\drake\\GitHub\\@saeris\\suru\\src\\utils\\ts\\normalizeCompilerOptions.ts","statementMap":{"0":{"start":{"line":6,"column":31},"end":{"line":10,"column":10}},"1":{"start":{"line":12,"column":18},"end":{"line":19,"column":10}},"2":{"start":{"line":21,"column":26},"end":{"line":24,"column":10}},"3":{"start":{"line":26,"column":20},"end":{"line":35,"column":10}},"4":{"start":{"line":37,"column":21},"end":{"line":40,"column":10}},"5":{"start":{"line":42,"column":16},"end":{"line":53,"column":10}},"6":{"start":{"line":86,"column":40},"end":{"line":118,"column":4}},"7":{"start":{"line":90,"column":3},"end":{"line":118,"column":3}},"8":{"start":{"line":95,"column":33},"end":{"line":95,"column":75}}},"fnMap":{"0":{"name":"(anonymous_0)","decl":{"start":{"line":86,"column":40},"end":{"line":86,"column":41}},"loc":{"start":{"line":90,"column":3},"end":{"line":118,"column":3}},"line":90},"1":{"name":"(anonymous_1)","decl":{"start":{"line":95,"column":26},"end":{"line":95,"column":27}},"loc":{"start":{"line":95,"column":33},"end":{"line":95,"column":75}},"line":95}},"branchMap":{"0":{"loc":{"start":{"line":96,"column":28},"end":{"line":100,"column":17}},"type":"cond-expr","locations":[{"start":{"line":97,"column":9},"end":{"line":99,"column":64}},{"start":{"line":100,"column":8},"end":{"line":100,"column":17}}],"line":96},"1":{"loc":{"start":{"line":101,"column":9},"end":{"line":103,"column":17}},"type":"cond-expr","locations":[{"start":{"line":102,"column":9},"end":{"line":102,"column":67}},{"start":{"line":103,"column":8},"end":{"line":103,"column":17}}],"line":101},"2":{"loc":{"start":{"line":104,"column":12},"end":{"line":106,"column":17}},"type":"cond-expr","locations":[{"start":{"line":105,"column":9},"end":{"line":105,"column":75}},{"start":{"line":106,"column":8},"end":{"line":106,"column":17}}],"line":104},"3":{"loc":{"start":{"line":107,"column":22},"end":{"line":111,"column":17}},"type":"cond-expr","locations":[{"start":{"line":108,"column":9},"end":{"line":110,"column":58}},{"start":{"line":111,"column":8},"end":{"line":111,"column":17}}],"line":107},"4":{"loc":{"start":{"line":112,"column":13},"end":{"line":114,"column":17}},"type":"cond-expr","locations":[{"start":{"line":113,"column":9},"end":{"line":113,"column":78}},{"start":{"line":114,"column":8},"end":{"line":114,"column":17}}],"line":112},"5":{"loc":{"start":{"line":115,"column":12},"end":{"line":117,"column":17}},"type":"cond-expr","locations":[{"start":{"line":116,"column":9},"end":{"line":116,"column":71}},{"start":{"line":117,"column":8},"end":{"line":117,"column":17}}],"line":115}},"s":{"0":0,"1":0,"2":0,"3":0,"4":0,"5":0,"6":0,"7":0,"8":0},"f":{"0":0,"1":0},"b":{"0":[0,0],"1":[0,0],"2":[0,0],"3":[0,0],"4":[0,0],"5":[0,0]}}
}
